{
  "stats": {
    "suites": 5,
    "tests": 8,
    "passes": 8,
    "pending": 0,
    "failures": 0,
    "start": "2019-04-19T01:59:48.035Z",
    "end": "2019-04-19T01:59:49.713Z",
    "duration": 1678,
    "testsRegistered": 8,
    "passPercent": 100,
    "pendingPercent": 0,
    "other": 0,
    "hasOther": false,
    "skipped": 0,
    "hasSkipped": false,
    "passPercentClass": "success",
    "pendingPercentClass": "danger"
  },
  "suites": {
    "uuid": "b8aed51b-bb92-4e7c-8c85-29673a4a04df",
    "title": "",
    "fullFile": "",
    "file": "",
    "beforeHooks": [],
    "afterHooks": [],
    "tests": [],
    "suites": [
      {
        "uuid": "67a1c158-c38b-44b6-b13d-8f1537615c55",
        "title": "scores",
        "fullFile": "/Users/aborskiy/WIT_EntWebDev/RGInvitational_API/test/api/routes/scores.js",
        "file": "/test/api/routes/scores.js",
        "beforeHooks": [
          {
            "title": "\"before all\" hook",
            "fullTitle": "scores \"before all\" hook",
            "timedOut": false,
            "duration": 922,
            "pass": false,
            "fail": false,
            "pending": false,
            "code": "var gen = fn.apply(this, arguments); return new Promise(function (resolve, reject) { function step(key, arg) { try { var info = gen[key](arg); var value = info.value; } catch (error) { reject(error); return; } if (info.done) { resolve(value); } else { return Promise.resolve(value).then(function (value) { step(\"next\", value); }, function (err) { step(\"throw\", err); }); } } return step(\"next\"); });",
            "err": {},
            "isRoot": false,
            "uuid": "63838232-9d43-46f4-9c10-3af01b6efdf6",
            "isHook": true,
            "skipped": false
          }
        ],
        "afterHooks": [],
        "tests": [],
        "suites": [
          {
            "uuid": "992c6ea5-3502-4ef0-86f4-dfde8fb3c598",
            "title": "GET scores",
            "fullFile": "/Users/aborskiy/WIT_EntWebDev/RGInvitational_API/test/api/routes/scores.js",
            "file": "/test/api/routes/scores.js",
            "beforeHooks": [],
            "afterHooks": [],
            "tests": [
              {
                "title": "should get all scores",
                "fullTitle": "scores GET scores should get all scores",
                "timedOut": false,
                "duration": 99,
                "state": "passed",
                "speed": "slow",
                "pass": true,
                "fail": false,
                "pending": false,
                "code": "request(_index.app).get('/api/scores')\n//.expect(200)\n.then(function (res) {\n    console.log('GET scores test is before assertions response body: ' + JSON.stringify(res.body));\n    // HTTP status should be 200\n    res.should.have.property('status').equal(200);\n    res.body.length.should.be.above(0);\n    //res.body.length.should.be.above(0);\n    console.log('GET scores test is completed response body: ' + JSON.stringify(res.body));\n    done();\n});;",
                "err": {},
                "isRoot": false,
                "uuid": "8a56a287-c506-4218-9bf1-f650f0f6c3c0",
                "isHook": false,
                "skipped": false
              }
            ],
            "suites": [],
            "passes": [
              "8a56a287-c506-4218-9bf1-f650f0f6c3c0"
            ],
            "failures": [],
            "pending": [],
            "skipped": [],
            "duration": 99,
            "root": false,
            "rootEmpty": false,
            "_timeout": 60000
          },
          {
            "uuid": "e397b069-20f3-480f-8e48-6388816d5bb5",
            "title": "POST scores",
            "fullFile": "/Users/aborskiy/WIT_EntWebDev/RGInvitational_API/test/api/routes/scores.js",
            "file": "/test/api/routes/scores.js",
            "beforeHooks": [],
            "afterHooks": [],
            "tests": [
              {
                "title": "should fail with 401 UnauthorizedError when POSTing participant",
                "fullTitle": "scores POST scores should fail with 401 UnauthorizedError when POSTing participant",
                "timedOut": false,
                "duration": 365,
                "state": "passed",
                "speed": "slow",
                "pass": true,
                "fail": false,
                "pending": false,
                "code": "request(_index.app).post('/api/scores').send(score1).set('Accept', 'application/json').set('Authorization', 'Bearer eyJ0eXAiOiJKV1QiLCJhbGciOiJSUzI1NiIsImtpZCI6Ik1qWTFNVUkzTkVFMU16YzJNMFl6TURkRE1rUkNPREk1UkVKR00wSkNPVGN5TmpSR00wUkdPUSJ9.eyJpc3MiOiJodHRwczovL2Fib3Jza2l5LmF1dGgwLmNvbS8iLCJzdWIiOiJCWnI0V3pBTTZWbzBLSFY2YnlObDZZYlZqNVlXTTF5a0BjbGllbnRzIiwiYXVkIjoiaHR0cHM6Ly9hYm9yc2tpeS5hdXRoMC5jb20vYXBpL3YyLyIsImlhdCI6MTU1NDk0OTM5OCwiZXhwIjoxNTU1MDM1Nzk4LCJhenAiOiJCWnI0V3pBTTZWbzBLSFY2YnlObDZZYlZqNVlXTTF5ayIsImd0eSI6ImNsaWVudC1jcmVkZW50aWFscyJ9.fvhiPoafkCYU_aEaQH1D7PJFVzNc7A3bVCyhrx_qjWUEnhHwBYll8hKWiU1A5xLV_8xktGtBJ1BFxeOrKdXJssjbSCHodShOxRzqbORDGE_Eppds1yS4WSH4ecwZ0YMovnPT_j99iP0Zcw9VB9MrMmxZLHkqtbl2ObPXvwb53eJ9Tps_Il-fwSUfV-aGyO7qqRPE5k3Qk75Q9s9RelXU9xNtpdnnrK9q2mqTaXlpVlQPsg_wbaNqBpgh9RDE9smXIsQE5NH79EbZZg4YAlVOAnSzW5R1V1K-pxSXvKjUaq6asGCIqA1Q4HgYImfj-N_4J6dHffLNMgIpnXm3EYaXkg')\n//.expect('Content-Type', /json/)\n//.expect(201)\n.end(function (err, res) {\n    if (err) return done(err);\n    // HTTP status should be 401\n    console.log('should POST one score before assertions, response header: ' + res.header);\n    console.log('should POST one score before assertions, response info: ' + res.info);\n    console.log('should POST one score before assertions, response body: ' + JSON.stringify(res.body));\n    res.should.have.property('status').equal(401);\n    res.body.should.equal('UnauthorizedError');\n    done();\n});",
                "err": {},
                "isRoot": false,
                "uuid": "85ca70ff-7ac0-4552-8c20-4db6be3d0b7f",
                "isHook": false,
                "skipped": false
              },
              {
                "title": "should fail validation before POSTing score with '4 scores must be present' error",
                "fullTitle": "scores POST scores should fail validation before POSTing score with '4 scores must be present' error",
                "timedOut": false,
                "duration": 24,
                "state": "passed",
                "speed": "fast",
                "pass": true,
                "fail": false,
                "pending": false,
                "code": "request(_index.app).post('/api/scores').send(invalidScoreNoScores).set('Accept', 'application/json').set('Authorization', testAccessToken.token_type + ' ' + testAccessToken.access_token)\n//.expect('Content-Type', /json/)\n//.expect(201)\n.end(function (err, res) {\n    if (err) return done(err);\n    // HTTP status should be 201\n    console.log('should POST one score before assertions, response header: ' + res.header);\n    console.log('should POST one score before assertions, response info: ' + res.info);\n    console.log('should POST one score before assertions, response body: ' + JSON.stringify(res.body));\n    res.should.have.property('status').equal(422);\n    res.body[0].msg.should.equal('name does not exist');\n    res.body[3].msg.should.equal('4 scores must be present');\n    done();\n});",
                "err": {},
                "isRoot": false,
                "uuid": "bc0382bb-76b1-4d36-b130-012dc8241897",
                "isHook": false,
                "skipped": false
              },
              {
                "title": "should POST one score",
                "fullTitle": "scores POST scores should POST one score",
                "timedOut": false,
                "duration": 55,
                "state": "passed",
                "speed": "medium",
                "pass": true,
                "fail": false,
                "pending": false,
                "code": "request(_index.app).post('/api/scores').send(score1).set('Accept', 'application/json').set('Authorization', testAccessToken.token_type + ' ' + testAccessToken.access_token)\n//.expect('Content-Type', /json/)\n//.expect(201)\n.end(function (err, res) {\n    if (err) return done(err);\n    // HTTP status should be 201\n    console.log('should POST one score before assertions, response header: ' + res.header);\n    console.log('should POST one score before assertions, response info: ' + res.info);\n    console.log('should POST one score before assertions, response body: ' + JSON.stringify(res.body));\n    res.should.have.property('status').equal(201);\n    res.body.should.have.property('id');\n    res.body.scores.should.be.instanceof(Array).and.have.lengthOf(4);\n    res.body.name.should.equal('Carol MacDonald');\n    done();\n});",
                "err": {},
                "isRoot": false,
                "uuid": "e9eed4a5-f0ff-4a65-b31a-ac753c1f7953",
                "isHook": false,
                "skipped": false
              }
            ],
            "suites": [],
            "passes": [
              "85ca70ff-7ac0-4552-8c20-4db6be3d0b7f",
              "bc0382bb-76b1-4d36-b130-012dc8241897",
              "e9eed4a5-f0ff-4a65-b31a-ac753c1f7953"
            ],
            "failures": [],
            "pending": [],
            "skipped": [],
            "duration": 444,
            "root": false,
            "rootEmpty": false,
            "_timeout": 60000
          },
          {
            "uuid": "6dc735bd-6959-466e-88ce-54a2cc13d6c2",
            "title": "PUT participant",
            "fullFile": "/Users/aborskiy/WIT_EntWebDev/RGInvitational_API/test/api/routes/scores.js",
            "file": "/test/api/routes/scores.js",
            "beforeHooks": [],
            "afterHooks": [],
            "tests": [
              {
                "title": "should PUT one score",
                "fullTitle": "scores PUT participant should PUT one score",
                "timedOut": false,
                "duration": 66,
                "state": "passed",
                "speed": "medium",
                "pass": true,
                "fail": false,
                "pending": false,
                "code": "request(_index.app).put('/api/scores/901').send(score1).set('Accept', 'application/json').set('Authorization', testAccessToken.token_type + ' ' + testAccessToken.access_token)\n//.expect('Content-Type', /json/)\n.end(function (err, res) {\n    if (err) return done(err);\n    console.log('should PUT one score before assertions, response header: ' + res.header);\n    console.log('should PUT one score before assertions, response info: ' + res.info);\n    console.log('should PUT one score before assertions, response body: ' + JSON.stringify(res.body));\n    res.should.have.property('status').equal(200);\n    res.body.should.have.property('id');\n    res.body.scores.should.be.instanceof(Array).and.have.lengthOf(4);\n    res.body.name.should.equal('Carol MacDonald');\n    done();\n});",
                "err": {},
                "isRoot": false,
                "uuid": "ba44f08a-1e5d-427d-b939-a77764e1d576",
                "isHook": false,
                "skipped": false
              },
              {
                "title": "should fail finding PUT request without param id with 404",
                "fullTitle": "scores PUT participant should fail finding PUT request without param id with 404",
                "timedOut": false,
                "duration": 8,
                "state": "passed",
                "speed": "fast",
                "pass": true,
                "fail": false,
                "pending": false,
                "code": "request(_index.app).put('/api/scores').send(score1).set('Accept', 'application/json').set('Authorization', testAccessToken.token_type + ' ' + testAccessToken.access_token).end(function (err, res) {\n    if (err) return done(err);\n    console.log('should POST one score before assertions, response header: ' + res.header);\n    console.log('should POST one score before assertions, response info: ' + res.info);\n    console.log('should POST one score before assertions, response body: ' + JSON.stringify(res.body));\n    res.should.have.property('status').equal(404);\n    done();\n});",
                "err": {},
                "isRoot": false,
                "uuid": "1f9b7566-a0d9-458d-b729-2769af9b9202",
                "isHook": false,
                "skipped": false
              },
              {
                "title": "should fail PUT request validation with not numeric id parameter",
                "fullTitle": "scores PUT participant should fail PUT request validation with not numeric id parameter",
                "timedOut": false,
                "duration": 14,
                "state": "passed",
                "speed": "fast",
                "pass": true,
                "fail": false,
                "pending": false,
                "code": "request(_index.app).put('/api/scores/fake').send(score1).set('Accept', 'application/json').set('Authorization', testAccessToken.token_type + ' ' + testAccessToken.access_token).end(function (err, res) {\n    if (err) return done(err);\n    console.log('should POST one score before assertions, response header: ' + res.header);\n    console.log('should POST one score before assertions, response info: ' + res.info);\n    console.log('should POST one score before assertions, response body: ' + JSON.stringify(res.body));\n    res.should.have.property('status').equal(422);\n    res.body.should.be.instanceof(Array).and.have.lengthOf(1);\n    done();\n});",
                "err": {},
                "isRoot": false,
                "uuid": "bdf6de5d-32c5-47df-a765-6a18c0451af3",
                "isHook": false,
                "skipped": false
              }
            ],
            "suites": [],
            "passes": [
              "ba44f08a-1e5d-427d-b939-a77764e1d576",
              "1f9b7566-a0d9-458d-b729-2769af9b9202",
              "bdf6de5d-32c5-47df-a765-6a18c0451af3"
            ],
            "failures": [],
            "pending": [],
            "skipped": [],
            "duration": 88,
            "root": false,
            "rootEmpty": false,
            "_timeout": 60000
          },
          {
            "uuid": "0e313553-ba9c-4392-a5f3-e7b17e6004a8",
            "title": "DELETE score",
            "fullFile": "/Users/aborskiy/WIT_EntWebDev/RGInvitational_API/test/api/routes/scores.js",
            "file": "/test/api/routes/scores.js",
            "beforeHooks": [],
            "afterHooks": [],
            "tests": [
              {
                "title": "should DELETE one score",
                "fullTitle": "scores DELETE score should DELETE one score",
                "timedOut": false,
                "duration": 35,
                "state": "passed",
                "speed": "fast",
                "pass": true,
                "fail": false,
                "pending": false,
                "code": "request(_index.app).delete('/api/scores/901').set('Accept', 'application/json').set('Authorization', testAccessToken.token_type + ' ' + testAccessToken.access_token)\n//.expect('Content-Type', /json/)\n.end(function (err, res) {\n    if (err) return done(err);\n    console.log('should DELETE one score before assertions, response header: ' + res.header);\n    console.log('should DELETE one score before assertions, response info: ' + res.info);\n    console.log('should DELETE one score before assertions, response body: ' + JSON.stringify(res.body));\n    res.should.have.property('status').equal(200);\n    res.body.should.have.property('id');\n    res.body.scores.should.be.instanceof(Array).and.have.lengthOf(4);\n    res.body.name.should.equal('Carol MacDonald');\n    done();\n});",
                "err": {},
                "isRoot": false,
                "uuid": "a4b9f884-eb91-4785-abd1-f9ea69e381af",
                "isHook": false,
                "skipped": false
              }
            ],
            "suites": [],
            "passes": [
              "a4b9f884-eb91-4785-abd1-f9ea69e381af"
            ],
            "failures": [],
            "pending": [],
            "skipped": [],
            "duration": 35,
            "root": false,
            "rootEmpty": false,
            "_timeout": 60000
          }
        ],
        "passes": [],
        "failures": [],
        "pending": [],
        "skipped": [],
        "duration": 0,
        "root": false,
        "rootEmpty": false,
        "_timeout": 60000
      }
    ],
    "passes": [],
    "failures": [],
    "pending": [],
    "skipped": [],
    "duration": 0,
    "root": true,
    "rootEmpty": true,
    "_timeout": 60000
  },
  "copyrightYear": 2019
}