{
  "stats": {
    "suites": 5,
    "tests": 8,
    "passes": 8,
    "pending": 0,
    "failures": 0,
    "start": "2019-04-20T22:29:47.770Z",
    "end": "2019-04-20T22:29:50.163Z",
    "duration": 2393,
    "testsRegistered": 8,
    "passPercent": 100,
    "pendingPercent": 0,
    "other": 0,
    "hasOther": false,
    "skipped": 0,
    "hasSkipped": false,
    "passPercentClass": "success",
    "pendingPercentClass": "danger"
  },
  "suites": {
    "uuid": "caf662b3-2a0d-4585-b748-648efb5654ab",
    "title": "",
    "fullFile": "",
    "file": "",
    "beforeHooks": [],
    "afterHooks": [],
    "tests": [],
    "suites": [
      {
        "uuid": "361e4ce9-6950-4d97-a2f7-956477d8002e",
        "title": "rotationentries",
        "fullFile": "/Users/aborskiy/WIT_EntWebDev/RGInvitational_API/test/api/routes/rotationentries.js",
        "file": "/test/api/routes/rotationentries.js",
        "beforeHooks": [
          {
            "title": "\"before all\" hook",
            "fullTitle": "rotationentries \"before all\" hook",
            "timedOut": false,
            "duration": 1382,
            "pass": false,
            "fail": false,
            "pending": false,
            "code": "var gen = fn.apply(this, arguments); return new Promise(function (resolve, reject) { function step(key, arg) { try { var info = gen[key](arg); var value = info.value; } catch (error) { reject(error); return; } if (info.done) { resolve(value); } else { return Promise.resolve(value).then(function (value) { step(\"next\", value); }, function (err) { step(\"throw\", err); }); } } return step(\"next\"); });",
            "err": {},
            "isRoot": false,
            "uuid": "fabab939-01a1-48b4-a34b-5291629ee311",
            "isHook": true,
            "skipped": false
          },
          {
            "title": "\"before each\" hook",
            "fullTitle": "rotationentries \"before each\" hook",
            "timedOut": false,
            "duration": 0,
            "pass": false,
            "fail": false,
            "pending": false,
            "code": "rotationEntry = {\n    \"rotaId\": 1,\n    \"participantId\": 908,\n    \"name\": \"Julia B\",\n    \"team\": \"RUS\",\n    \"apparatus\": {\n        \"id\": \"floor\",\n        \"imageurl\": \"images/floor-min-2.png\"\n    },\n    \"score\": {\n        \"id\": \"floor\",\n        \"diff\": 9.3,\n        \"exec\": 9,\n        \"deduct\": 0.1,\n        \"total\": 18.2\n    }\n};\ninvalidRotationEntry = {\n    \"rotaId\": 1,\n    \"participantId\": 908,\n    \"team\": \"RUS\",\n    \"apparatus\": {\n        \"id\": \"dummy\",\n        \"imageurl\": \"images/floor-min-2.png\"\n    },\n    \"score\": {\n        \"id\": \"floor\",\n        \"diff\": 9.3,\n        \"exec\": 9,\n        \"deduct\": 0.1,\n        \"total\": 18.2\n    }\n};",
            "err": {},
            "isRoot": false,
            "uuid": "07d572fe-e7ba-468b-a1eb-bf48cda1d36d",
            "isHook": true,
            "skipped": false
          }
        ],
        "afterHooks": [],
        "tests": [],
        "suites": [
          {
            "uuid": "d75add8c-b288-46ca-8edc-ac95dee8a5f2",
            "title": "GET rotationentries",
            "fullFile": "/Users/aborskiy/WIT_EntWebDev/RGInvitational_API/test/api/routes/rotationentries.js",
            "file": "/test/api/routes/rotationentries.js",
            "beforeHooks": [],
            "afterHooks": [],
            "tests": [
              {
                "title": "should get all rotationentries",
                "fullTitle": "rotationentries GET rotationentries should get all rotationentries",
                "timedOut": false,
                "duration": 97,
                "state": "passed",
                "speed": "slow",
                "pass": true,
                "fail": false,
                "pending": false,
                "code": "request(_index.app).get('/api/rotationentries')\n//.expect(200)\n.then(function (res) {\n    console.log('GET rotationentries test is before assertions response body: ' + JSON.stringify(res.body));\n    // HTTP status should be 200\n    res.should.have.property('status').equal(200);\n    res.body.length.should.be.above(0);\n    //res.body.length.should.be.above(0);\n    console.log('GET rotationentries test is completed response body: ' + JSON.stringify(res.body));\n    done();\n});;",
                "err": {},
                "isRoot": false,
                "uuid": "185162e2-5109-4643-a5d5-72252cea4e89",
                "isHook": false,
                "skipped": false
              }
            ],
            "suites": [],
            "passes": [
              "185162e2-5109-4643-a5d5-72252cea4e89"
            ],
            "failures": [],
            "pending": [],
            "skipped": [],
            "duration": 97,
            "root": false,
            "rootEmpty": false,
            "_timeout": 60000
          },
          {
            "uuid": "42fa12b5-55fa-43e9-b494-47d644497853",
            "title": "POST rotationentries",
            "fullFile": "/Users/aborskiy/WIT_EntWebDev/RGInvitational_API/test/api/routes/rotationentries.js",
            "file": "/test/api/routes/rotationentries.js",
            "beforeHooks": [],
            "afterHooks": [],
            "tests": [
              {
                "title": "should fail with 401 UnauthorizedError when POSTing rotation entry",
                "fullTitle": "rotationentries POST rotationentries should fail with 401 UnauthorizedError when POSTing rotation entry",
                "timedOut": false,
                "duration": 570,
                "state": "passed",
                "speed": "slow",
                "pass": true,
                "fail": false,
                "pending": false,
                "code": "request(_index.app).post('/api/rotationentries').send(rotationEntry).set('Accept', 'application/json').set('Authorization', 'Bearer eyJ0eXAiOiJKV1QiLCJhbGciOiJSUzI1NiIsImtpZCI6Ik1qWTFNVUkzTkVFMU16YzJNMFl6TURkRE1rUkNPREk1UkVKR00wSkNPVGN5TmpSR00wUkdPUSJ9.eyJpc3MiOiJodHRwczovL2Fib3Jza2l5LmF1dGgwLmNvbS8iLCJzdWIiOiJCWnI0V3pBTTZWbzBLSFY2YnlObDZZYlZqNVlXTTF5a0BjbGllbnRzIiwiYXVkIjoiaHR0cHM6Ly9hYm9yc2tpeS5hdXRoMC5jb20vYXBpL3YyLyIsImlhdCI6MTU1NDk0OTM5OCwiZXhwIjoxNTU1MDM1Nzk4LCJhenAiOiJCWnI0V3pBTTZWbzBLSFY2YnlObDZZYlZqNVlXTTF5ayIsImd0eSI6ImNsaWVudC1jcmVkZW50aWFscyJ9.fvhiPoafkCYU_aEaQH1D7PJFVzNc7A3bVCyhrx_qjWUEnhHwBYll8hKWiU1A5xLV_8xktGtBJ1BFxeOrKdXJssjbSCHodShOxRzqbORDGE_Eppds1yS4WSH4ecwZ0YMovnPT_j99iP0Zcw9VB9MrMmxZLHkqtbl2ObPXvwb53eJ9Tps_Il-fwSUfV-aGyO7qqRPE5k3Qk75Q9s9RelXU9xNtpdnnrK9q2mqTaXlpVlQPsg_wbaNqBpgh9RDE9smXIsQE5NH79EbZZg4YAlVOAnSzW5R1V1K-pxSXvKjUaq6asGCIqA1Q4HgYImfj-N_4J6dHffLNMgIpnXm3EYaXkg').end(function (err, res) {\n    if (err) return done(err);\n    // HTTP status should be 401\n    console.log('should POST one rotationentry before assertions, response header: ' + res.header);\n    console.log('should POST one rotationentry before assertions, response info: ' + res.info);\n    console.log('should POST one rotationentry before assertions, response body: ' + JSON.stringify(res.body));\n    res.should.have.property('status').equal(401);\n    res.body.should.equal('UnauthorizedError');\n    done();\n});",
                "err": {},
                "isRoot": false,
                "uuid": "23091ae9-75b9-4bfb-9072-8347e4a295fb",
                "isHook": false,
                "skipped": false
              },
              {
                "title": "should fail validation before POSTing rotationentries with 'apparatus id is invalid' error",
                "fullTitle": "rotationentries POST rotationentries should fail validation before POSTing rotationentries with 'apparatus id is invalid' error",
                "timedOut": false,
                "duration": 27,
                "state": "passed",
                "speed": "fast",
                "pass": true,
                "fail": false,
                "pending": false,
                "code": "request(_index.app).post('/api/rotationentries').send(invalidRotationEntry).set('Accept', 'application/json').set('Authorization', testAccessToken.token_type + ' ' + testAccessToken.access_token)\n//.expect('Content-Type', /json/)\n//.expect(201)\n.end(function (err, res) {\n    if (err) return done(err);\n    // HTTP status should be 201\n    console.log('should POST one rotationentry before assertions, response header: ' + res.header);\n    console.log('should POST one rotationentry before assertions, response info: ' + res.info);\n    console.log('should POST one rotationentry before assertions, response body: ' + JSON.stringify(res.body));\n    res.should.have.property('status').equal(422);\n    res.body.length.should.be.above(0);\n    res.body[0].msg.should.equal('name does not exist');\n    res.body[1].msg.should.equal('apparatus id is invalid, should be floor, hoop, rope, ribbon');\n    done();\n});",
                "err": {},
                "isRoot": false,
                "uuid": "9d4c9a5c-cb0c-4a91-a91a-410fe7b49414",
                "isHook": false,
                "skipped": false
              },
              {
                "title": "should POST one rotationentry",
                "fullTitle": "rotationentries POST rotationentries should POST one rotationentry",
                "timedOut": false,
                "duration": 52,
                "state": "passed",
                "speed": "medium",
                "pass": true,
                "fail": false,
                "pending": false,
                "code": "request(_index.app).post('/api/rotationentries').send(rotationEntry).set('Accept', 'application/json').set('Authorization', testAccessToken.token_type + ' ' + testAccessToken.access_token)\n//.expect('Content-Type', /json/)\n//.expect(201)\n.end(function (err, res) {\n    if (err) return done(err);\n    // HTTP status should be 201\n    console.log('should POST one rotationentry before assertions, response header: ' + res.header);\n    console.log('should POST one rotationentry before assertions, response info: ' + res.info);\n    console.log('should POST one rotationentry before assertions, response body: ' + JSON.stringify(res.body));\n    res.should.have.property('status').equal(201);\n    res.body.should.have.property('rotaId');\n    res.body.name.should.equal(rotationEntry.name);\n    done();\n});",
                "err": {},
                "isRoot": false,
                "uuid": "c15e6b35-cc1e-40a0-af69-a3c3cbe5d940",
                "isHook": false,
                "skipped": false
              }
            ],
            "suites": [],
            "passes": [
              "23091ae9-75b9-4bfb-9072-8347e4a295fb",
              "9d4c9a5c-cb0c-4a91-a91a-410fe7b49414",
              "c15e6b35-cc1e-40a0-af69-a3c3cbe5d940"
            ],
            "failures": [],
            "pending": [],
            "skipped": [],
            "duration": 649,
            "root": false,
            "rootEmpty": false,
            "_timeout": 60000
          },
          {
            "uuid": "01bd6904-6387-4a23-a659-08a340cca740",
            "title": "PUT rotationentry",
            "fullFile": "/Users/aborskiy/WIT_EntWebDev/RGInvitational_API/test/api/routes/rotationentries.js",
            "file": "/test/api/routes/rotationentries.js",
            "beforeHooks": [],
            "afterHooks": [],
            "tests": [
              {
                "title": "should PUT one rotationentry",
                "fullTitle": "rotationentries PUT rotationentry should PUT one rotationentry",
                "timedOut": false,
                "duration": 32,
                "state": "passed",
                "speed": "fast",
                "pass": true,
                "fail": false,
                "pending": false,
                "code": "request(_index.app).put('/api/rotationentries/1').send(rotationEntry).set('Accept', 'application/json').set('Authorization', testAccessToken.token_type + ' ' + testAccessToken.access_token)\n//.expect('Content-Type', /json/)\n.end(function (err, res) {\n    if (err) return done(err);\n    console.log('should PUT one rotationentry before assertions, response header: ' + res.header);\n    console.log('should PUT one rotationentry before assertions, response info: ' + res.info);\n    console.log('should PUT one rotationentry before assertions, response body: ' + JSON.stringify(res.body));\n    res.should.have.property('status').equal(200);\n    res.body.should.have.property('rotaId');\n    res.body.rotaId.should.equal(rotationEntry.rotaId);\n    res.body.name.should.equal(rotationEntry.name);\n    done();\n});",
                "err": {},
                "isRoot": false,
                "uuid": "adfd9e57-5c82-4531-bb31-e01e71e574ae",
                "isHook": false,
                "skipped": false
              },
              {
                "title": "should fail finding PUT request without param id with 404",
                "fullTitle": "rotationentries PUT rotationentry should fail finding PUT request without param id with 404",
                "timedOut": false,
                "duration": 19,
                "state": "passed",
                "speed": "fast",
                "pass": true,
                "fail": false,
                "pending": false,
                "code": "request(_index.app).put('/api/rotationentries').send(rotationEntry).set('Accept', 'application/json').set('Authorization', testAccessToken.token_type + ' ' + testAccessToken.access_token).end(function (err, res) {\n    if (err) return done(err);\n    console.log('should PUT one rotationentry before assertions, response header: ' + res.header);\n    console.log('should PUT one rotationentry before assertions, response info: ' + res.info);\n    console.log('should PUT one rotationentry before assertions, response body: ' + JSON.stringify(res.body));\n    res.should.have.property('status').equal(404);\n    done();\n});",
                "err": {},
                "isRoot": false,
                "uuid": "59d0c6d1-b329-48a7-8898-ddac58dd2b3d",
                "isHook": false,
                "skipped": false
              },
              {
                "title": "should fail PUT request validation with not numeric id parameter",
                "fullTitle": "rotationentries PUT rotationentry should fail PUT request validation with not numeric id parameter",
                "timedOut": false,
                "duration": 16,
                "state": "passed",
                "speed": "fast",
                "pass": true,
                "fail": false,
                "pending": false,
                "code": "request(_index.app).put('/api/rotationentries/fake').send(rotationEntry).set('Accept', 'application/json').set('Authorization', testAccessToken.token_type + ' ' + testAccessToken.access_token).end(function (err, res) {\n    if (err) return done(err);\n    console.log('should PUT one rotationentry before assertions, response header: ' + res.header);\n    console.log('should PUT one rotationentry before assertions, response info: ' + res.info);\n    console.log('should PUT one rotationentry before assertions, response body: ' + JSON.stringify(res.body));\n    res.should.have.property('status').equal(422);\n    res.body.should.be.instanceof(Array).and.have.lengthOf(1);\n    done();\n});",
                "err": {},
                "isRoot": false,
                "uuid": "a12519cc-f45d-46ae-8675-ee3255675756",
                "isHook": false,
                "skipped": false
              }
            ],
            "suites": [],
            "passes": [
              "adfd9e57-5c82-4531-bb31-e01e71e574ae",
              "59d0c6d1-b329-48a7-8898-ddac58dd2b3d",
              "a12519cc-f45d-46ae-8675-ee3255675756"
            ],
            "failures": [],
            "pending": [],
            "skipped": [],
            "duration": 67,
            "root": false,
            "rootEmpty": false,
            "_timeout": 60000
          },
          {
            "uuid": "b42ec687-4d5a-4a47-b8e5-e349a774a1ed",
            "title": "DELETE rotationentry",
            "fullFile": "/Users/aborskiy/WIT_EntWebDev/RGInvitational_API/test/api/routes/rotationentries.js",
            "file": "/test/api/routes/rotationentries.js",
            "beforeHooks": [],
            "afterHooks": [],
            "tests": [
              {
                "title": "should DELETE one rotationentry",
                "fullTitle": "rotationentries DELETE rotationentry should DELETE one rotationentry",
                "timedOut": false,
                "duration": 18,
                "state": "passed",
                "speed": "fast",
                "pass": true,
                "fail": false,
                "pending": false,
                "code": "request(_index.app).delete('/api/rotationentries/1').set('Accept', 'application/json').set('Authorization', testAccessToken.token_type + ' ' + testAccessToken.access_token)\n//.expect('Content-Type', /json/)\n.end(function (err, res) {\n    if (err) return done(err);\n    console.log('should DELETE one rotationentry before assertions, response header: ' + res.header);\n    console.log('should DELETE one rotationentry before assertions, response info: ' + res.info);\n    console.log('should DELETE one rotationentry before assertions, response body: ' + JSON.stringify(res.body));\n    res.should.have.property('status').equal(200);\n    res.body.should.have.property('rotaId');\n    res.body.rotaId.should.equal(rotationEntry.rotaId);\n    res.body.name.should.equal(rotationEntry.name);\n    done();\n});",
                "err": {},
                "isRoot": false,
                "uuid": "1077f5ea-1940-4d2c-8f6f-8b79baf39050",
                "isHook": false,
                "skipped": false
              }
            ],
            "suites": [],
            "passes": [
              "1077f5ea-1940-4d2c-8f6f-8b79baf39050"
            ],
            "failures": [],
            "pending": [],
            "skipped": [],
            "duration": 18,
            "root": false,
            "rootEmpty": false,
            "_timeout": 60000
          }
        ],
        "passes": [],
        "failures": [],
        "pending": [],
        "skipped": [],
        "duration": 0,
        "root": false,
        "rootEmpty": false,
        "_timeout": 60000
      }
    ],
    "passes": [],
    "failures": [],
    "pending": [],
    "skipped": [],
    "duration": 0,
    "root": true,
    "rootEmpty": true,
    "_timeout": 60000
  },
  "copyrightYear": 2019
}