{
  "stats": {
    "suites": 5,
    "tests": 8,
    "passes": 8,
    "pending": 0,
    "failures": 0,
    "start": "2019-04-22T01:35:01.949Z",
    "end": "2019-04-22T01:35:03.684Z",
    "duration": 1735,
    "testsRegistered": 8,
    "passPercent": 100,
    "pendingPercent": 0,
    "other": 0,
    "hasOther": false,
    "skipped": 0,
    "hasSkipped": false,
    "passPercentClass": "success",
    "pendingPercentClass": "danger"
  },
  "suites": {
    "uuid": "5bf4b888-6015-4e2b-97d1-0713725896e2",
    "title": "",
    "fullFile": "",
    "file": "",
    "beforeHooks": [],
    "afterHooks": [],
    "tests": [],
    "suites": [
      {
        "uuid": "03aa799d-aa6e-42d9-b3f8-32ea096fb771",
        "title": "rotationsession",
        "fullFile": "/Users/aborskiy/WIT_EntWebDev/RGInvitational_API/test/api/routes/rotationsession.js",
        "file": "/test/api/routes/rotationsession.js",
        "beforeHooks": [
          {
            "title": "\"before all\" hook",
            "fullTitle": "rotationsession \"before all\" hook",
            "timedOut": false,
            "duration": 9,
            "pass": false,
            "fail": false,
            "pending": false,
            "code": "var gen = fn.apply(this, arguments); return new Promise(function (resolve, reject) { function step(key, arg) { try { var info = gen[key](arg); var value = info.value; } catch (error) { reject(error); return; } if (info.done) { resolve(value); } else { return Promise.resolve(value).then(function (value) { step(\"next\", value); }, function (err) { step(\"throw\", err); }); } } return step(\"next\"); });",
            "err": {},
            "isRoot": false,
            "uuid": "d9274bae-f574-411d-bc64-28a4bf78e3c1",
            "isHook": true,
            "skipped": false
          },
          {
            "title": "\"before each\" hook",
            "fullTitle": "rotationsession \"before each\" hook",
            "timedOut": false,
            "duration": 0,
            "pass": false,
            "fail": false,
            "pending": false,
            "code": "rotationSession = {\n    \"onFloorParticipantId\": 3,\n    \"scoreParticipantId\": 1\n};\nrotationSessionMissingParms = {};",
            "err": {},
            "isRoot": false,
            "uuid": "78f3cb91-4997-4748-98ab-66ebd22fd97a",
            "isHook": true,
            "skipped": false
          }
        ],
        "afterHooks": [],
        "tests": [],
        "suites": [
          {
            "uuid": "4fc470ea-a425-4e98-904c-1b05fa3a39f2",
            "title": "POST rotationsession",
            "fullFile": "/Users/aborskiy/WIT_EntWebDev/RGInvitational_API/test/api/routes/rotationsession.js",
            "file": "/test/api/routes/rotationsession.js",
            "beforeHooks": [],
            "afterHooks": [],
            "tests": [
              {
                "title": "should fail with 401 UnauthorizedError when POSTing rotation entry",
                "fullTitle": "rotationsession POST rotationsession should fail with 401 UnauthorizedError when POSTing rotation entry",
                "timedOut": false,
                "duration": 626,
                "state": "passed",
                "speed": "slow",
                "pass": true,
                "fail": false,
                "pending": false,
                "code": "request(_index.app).post('/api/rotationsession').send(rotationSession).set('Accept', 'application/json').set('Authorization', 'Bearer eyJ0eXAiOiJKV1QiLCJhbGciOiJSUzI1NiIsImtpZCI6Ik1qWTFNVUkzTkVFMU16YzJNMFl6TURkRE1rUkNPREk1UkVKR00wSkNPVGN5TmpSR00wUkdPUSJ9.eyJpc3MiOiJodHRwczovL2Fib3Jza2l5LmF1dGgwLmNvbS8iLCJzdWIiOiJCWnI0V3pBTTZWbzBLSFY2YnlObDZZYlZqNVlXTTF5a0BjbGllbnRzIiwiYXVkIjoiaHR0cHM6Ly9hYm9yc2tpeS5hdXRoMC5jb20vYXBpL3YyLyIsImlhdCI6MTU1NDk0OTM5OCwiZXhwIjoxNTU1MDM1Nzk4LCJhenAiOiJCWnI0V3pBTTZWbzBLSFY2YnlObDZZYlZqNVlXTTF5ayIsImd0eSI6ImNsaWVudC1jcmVkZW50aWFscyJ9.fvhiPoafkCYU_aEaQH1D7PJFVzNc7A3bVCyhrx_qjWUEnhHwBYll8hKWiU1A5xLV_8xktGtBJ1BFxeOrKdXJssjbSCHodShOxRzqbORDGE_Eppds1yS4WSH4ecwZ0YMovnPT_j99iP0Zcw9VB9MrMmxZLHkqtbl2ObPXvwb53eJ9Tps_Il-fwSUfV-aGyO7qqRPE5k3Qk75Q9s9RelXU9xNtpdnnrK9q2mqTaXlpVlQPsg_wbaNqBpgh9RDE9smXIsQE5NH79EbZZg4YAlVOAnSzW5R1V1K-pxSXvKjUaq6asGCIqA1Q4HgYImfj-N_4J6dHffLNMgIpnXm3EYaXkg').end(function (err, res) {\n    if (err) return done(err);\n    // HTTP status should be 401\n    console.log('should POST one rotationSession before assertions, response header: ' + res.header);\n    console.log('should POST one rotationSession before assertions, response info: ' + res.info);\n    console.log('should POST one rotationSession before assertions, response body: ' + JSON.stringify(res.body));\n    res.should.have.property('status').equal(401);\n    res.body.should.equal('UnauthorizedError');\n    done();\n});",
                "err": {},
                "isRoot": false,
                "uuid": "4eaed66d-251d-46ce-99e5-3f5fbd6bf944",
                "isHook": false,
                "skipped": false
              },
              {
                "title": "should fail validation before POSTing rotationsession - missing parameters",
                "fullTitle": "rotationsession POST rotationsession should fail validation before POSTing rotationsession - missing parameters",
                "timedOut": false,
                "duration": 37,
                "state": "passed",
                "speed": "fast",
                "pass": true,
                "fail": false,
                "pending": false,
                "code": "console.log('about to send post request to /api/rotationsession with rotationSessionMissingParms ');\nrequest(_index.app).post('/api/rotationsession').send(rotationSessionMissingParms).set('Accept', 'application/json').set('Authorization', testAccessToken.token_type + ' ' + testAccessToken.access_token)\n//.expect('Content-Type', /json/)\n//.expect(201)\n.end(function (err, res) {\n    if (err) return done(err);\n    // HTTP status should be 201\n    console.log('should POST one rotationSession before assertions, response header: ' + res.header);\n    console.log('should POST one rotationSession before assertions, response info: ' + res.info);\n    console.log('should POST one rotationSession before assertions, response body: ' + JSON.stringify(res.body));\n    res.should.have.property('status').equal(422);\n    res.body.length.should.be.above(0);\n    res.body[0].msg.should.equal('onFloorParticipantId does not exist');\n    res.body[1].msg.should.equal('scoreParticipantId does not exist');\n    done();\n});",
                "err": {},
                "isRoot": false,
                "uuid": "48daac49-07c0-421a-909f-7c12ba4c3d71",
                "isHook": false,
                "skipped": false
              },
              {
                "title": "should POST one rotationSession",
                "fullTitle": "rotationsession POST rotationsession should POST one rotationSession",
                "timedOut": false,
                "duration": 622,
                "state": "passed",
                "speed": "slow",
                "pass": true,
                "fail": false,
                "pending": false,
                "code": "request(_index.app).post('/api/rotationsession').send(rotationSession).set('Accept', 'application/json').set('Authorization', testAccessToken.token_type + ' ' + testAccessToken.access_token)\n//.expect('Content-Type', /json/)\n//.expect(201)\n.end(function (err, res) {\n    if (err) return done(err);\n    // HTTP status should be 201\n    console.log('should POST one rotationSession before assertions, response header: ' + res.header);\n    console.log('should POST one rotationSession before assertions, response info: ' + res.info);\n    console.log('should POST one rotationSession before assertions, response body: ' + JSON.stringify(res.body));\n    res.should.have.property('status').equal(201);\n    res.body.should.have.property('onFloorParticipantId');\n    res.body.should.have.property('scoreParticipantId');\n    res.body.onFloorParticipantId.should.equal(rotationSession.onFloorParticipantId);\n    res.body.scoreParticipantId.should.equal(rotationSession.scoreParticipantId);\n    sessionId = res.body._id;\n    console.log('sessionId is assigned after POSt: ' + sessionId);\n    done();\n});",
                "err": {},
                "isRoot": false,
                "uuid": "6855c02b-88af-4a84-bda8-21bc86e50b00",
                "isHook": false,
                "skipped": false
              }
            ],
            "suites": [],
            "passes": [
              "4eaed66d-251d-46ce-99e5-3f5fbd6bf944",
              "48daac49-07c0-421a-909f-7c12ba4c3d71",
              "6855c02b-88af-4a84-bda8-21bc86e50b00"
            ],
            "failures": [],
            "pending": [],
            "skipped": [],
            "duration": 1285,
            "root": false,
            "rootEmpty": false,
            "_timeout": 10000
          },
          {
            "uuid": "ad17b345-1530-47db-b0c5-c8bfcab26f08",
            "title": "GET rotationsession",
            "fullFile": "/Users/aborskiy/WIT_EntWebDev/RGInvitational_API/test/api/routes/rotationsession.js",
            "file": "/test/api/routes/rotationsession.js",
            "beforeHooks": [],
            "afterHooks": [],
            "tests": [
              {
                "title": "should get rotationsession",
                "fullTitle": "rotationsession GET rotationsession should get rotationsession",
                "timedOut": false,
                "duration": 44,
                "state": "passed",
                "speed": "medium",
                "pass": true,
                "fail": false,
                "pending": false,
                "code": "request(_index.app).get('/api/rotationsession')\n//.expect(200)\n.end(function (err, res) {\n    console.log('GET rotationsession test is before assertions response body: ' + JSON.stringify(res.body));\n    if (err) return done(err);\n    // HTTP status should be 200\n    res.should.have.property('status').equal(200);\n    res.body.length.should.be.above(0);\n    //res.body.length.should.be.above(0);\n    console.log('GET rotationsession test is completed response body: ' + JSON.stringify(res.body));\n    done();\n});;",
                "err": {},
                "isRoot": false,
                "uuid": "bd49e1ce-0298-48b7-9324-7ebcfe1de167",
                "isHook": false,
                "skipped": false
              }
            ],
            "suites": [],
            "passes": [
              "bd49e1ce-0298-48b7-9324-7ebcfe1de167"
            ],
            "failures": [],
            "pending": [],
            "skipped": [],
            "duration": 44,
            "root": false,
            "rootEmpty": false,
            "_timeout": 10000
          },
          {
            "uuid": "6e945fb2-eac4-4c98-8704-286156deb92c",
            "title": "PUT rotationSession",
            "fullFile": "/Users/aborskiy/WIT_EntWebDev/RGInvitational_API/test/api/routes/rotationsession.js",
            "file": "/test/api/routes/rotationsession.js",
            "beforeHooks": [],
            "afterHooks": [],
            "tests": [
              {
                "title": "should PUT one rotationSession",
                "fullTitle": "rotationsession PUT rotationSession should PUT one rotationSession",
                "timedOut": false,
                "duration": 108,
                "state": "passed",
                "speed": "slow",
                "pass": true,
                "fail": false,
                "pending": false,
                "code": "console.log('checking if sessionId present: ' + sessionId);\nrequest(_index.app).put('/api/rotationsession/' + sessionId).send(rotationSession).set('Accept', 'application/json').set('Authorization', testAccessToken.token_type + ' ' + testAccessToken.access_token)\n//.expect('Content-Type', /json/)\n.end(function (err, res) {\n    if (err) return done(err);\n    console.log('should PUT one rotationSession before assertions, response header: ' + res.header);\n    console.log('should PUT one rotationSession before assertions, response info: ' + res.info);\n    console.log('should PUT one rotationSession before assertions, response body: ' + JSON.stringify(res.body));\n    res.should.have.property('status').equal(200);\n    res.body.should.have.property('onFloorParticipantId');\n    res.body.should.have.property('scoreParticipantId');\n    res.body.onFloorParticipantId.should.equal(rotationSession.onFloorParticipantId);\n    res.body.scoreParticipantId.should.equal(rotationSession.scoreParticipantId);\n    done();\n});",
                "err": {},
                "isRoot": false,
                "uuid": "3add1ef2-0430-4b6d-a2ef-a2c3fc830ba3",
                "isHook": false,
                "skipped": false
              },
              {
                "title": "should fail finding PUT request without param id with 404",
                "fullTitle": "rotationsession PUT rotationSession should fail finding PUT request without param id with 404",
                "timedOut": false,
                "duration": 5,
                "state": "passed",
                "speed": "fast",
                "pass": true,
                "fail": false,
                "pending": false,
                "code": "request(_index.app).put('/api/rotationsession').send(rotationSession).set('Accept', 'application/json').set('Authorization', testAccessToken.token_type + ' ' + testAccessToken.access_token).end(function (err, res) {\n    if (err) return done(err);\n    console.log('should PUT one rotationSession before assertions, response header: ' + res.header);\n    console.log('should PUT one rotationSession before assertions, response info: ' + res.info);\n    console.log('should PUT one rotationSession before assertions, response body: ' + JSON.stringify(res.body));\n    res.should.have.property('status').equal(404);\n    done();\n});",
                "err": {},
                "isRoot": false,
                "uuid": "65088898-4096-40d6-a33f-41773cdfc3be",
                "isHook": false,
                "skipped": false
              },
              {
                "title": "should fail PUT request validation with not invalid id parameter",
                "fullTitle": "rotationsession PUT rotationSession should fail PUT request validation with not invalid id parameter",
                "timedOut": false,
                "duration": 9,
                "state": "passed",
                "speed": "fast",
                "pass": true,
                "fail": false,
                "pending": false,
                "code": "request(_index.app).put('/api/rotationsession/fake').send(rotationSession).set('Accept', 'application/json').set('Authorization', testAccessToken.token_type + ' ' + testAccessToken.access_token).end(function (err, res) {\n    if (err) return done(err);\n    console.log('should PUT one rotationSession before assertions, response header: ' + res.header);\n    console.log('should PUT one rotationSession before assertions, response info: ' + res.info);\n    console.log('should PUT one rotationSession before assertions, response body: ' + JSON.stringify(res.body));\n    res.should.have.property('status').equal(422);\n    res.body.should.be.instanceof(Array).and.have.lengthOf(1);\n    done();\n});",
                "err": {},
                "isRoot": false,
                "uuid": "7ac804db-9a37-4896-bb74-a4039951030a",
                "isHook": false,
                "skipped": false
              }
            ],
            "suites": [],
            "passes": [
              "3add1ef2-0430-4b6d-a2ef-a2c3fc830ba3",
              "65088898-4096-40d6-a33f-41773cdfc3be",
              "7ac804db-9a37-4896-bb74-a4039951030a"
            ],
            "failures": [],
            "pending": [],
            "skipped": [],
            "duration": 122,
            "root": false,
            "rootEmpty": false,
            "_timeout": 10000
          },
          {
            "uuid": "0860b058-247e-4bec-a1cc-81297d477371",
            "title": "DELETE rotationSession",
            "fullFile": "/Users/aborskiy/WIT_EntWebDev/RGInvitational_API/test/api/routes/rotationsession.js",
            "file": "/test/api/routes/rotationsession.js",
            "beforeHooks": [],
            "afterHooks": [],
            "tests": [
              {
                "title": "should DELETE one rotationSession",
                "fullTitle": "rotationsession DELETE rotationSession should DELETE one rotationSession",
                "timedOut": false,
                "duration": 55,
                "state": "passed",
                "speed": "medium",
                "pass": true,
                "fail": false,
                "pending": false,
                "code": "request(_index.app).delete('/api/rotationsession/' + sessionId).set('Accept', 'application/json').set('Authorization', testAccessToken.token_type + ' ' + testAccessToken.access_token)\n//.expect('Content-Type', /json/)\n.end(function (err, res) {\n    if (err) return done(err);\n    console.log('should DELETE one rotationSession before assertions, response header: ' + res.header);\n    console.log('should DELETE one rotationSession before assertions, response info: ' + res.info);\n    console.log('should DELETE one rotationSession before assertions, response body: ' + JSON.stringify(res.body));\n    res.should.have.property('status').equal(200);\n    res.body.should.have.property('onFloorParticipantId');\n    res.body.should.have.property('scoreParticipantId');\n    res.body.onFloorParticipantId.should.equal(rotationSession.onFloorParticipantId);\n    res.body.scoreParticipantId.should.equal(rotationSession.scoreParticipantId);\n    done();\n});",
                "err": {},
                "isRoot": false,
                "uuid": "6df1ba56-7468-4dc8-be3c-507a4c76d27f",
                "isHook": false,
                "skipped": false
              }
            ],
            "suites": [],
            "passes": [
              "6df1ba56-7468-4dc8-be3c-507a4c76d27f"
            ],
            "failures": [],
            "pending": [],
            "skipped": [],
            "duration": 55,
            "root": false,
            "rootEmpty": false,
            "_timeout": 10000
          }
        ],
        "passes": [],
        "failures": [],
        "pending": [],
        "skipped": [],
        "duration": 0,
        "root": false,
        "rootEmpty": false,
        "_timeout": 10000
      }
    ],
    "passes": [],
    "failures": [],
    "pending": [],
    "skipped": [],
    "duration": 0,
    "root": true,
    "rootEmpty": true,
    "_timeout": 10000
  },
  "copyrightYear": 2019
}