{
  "stats": {
    "suites": 6,
    "tests": 9,
    "passes": 9,
    "pending": 0,
    "failures": 0,
    "start": "2019-05-19T02:18:05.621Z",
    "end": "2019-05-19T02:18:14.369Z",
    "duration": 8748,
    "testsRegistered": 9,
    "passPercent": 100,
    "pendingPercent": 0,
    "other": 0,
    "hasOther": false,
    "skipped": 0,
    "hasSkipped": false,
    "passPercentClass": "success",
    "pendingPercentClass": "danger"
  },
  "suites": {
    "uuid": "a2f1fb0f-d001-4151-998a-6ea33066449f",
    "title": "",
    "fullFile": "",
    "file": "",
    "beforeHooks": [],
    "afterHooks": [],
    "tests": [],
    "suites": [
      {
        "uuid": "d4f457e6-619a-41d4-bc0e-e7c37b2dc3e6",
        "title": "scores",
        "fullFile": "/Users/aborskiy/WIT_EntWebDev/RGInvitational_API/test/api/routes/scores.js",
        "file": "/test/api/routes/scores.js",
        "beforeHooks": [
          {
            "title": "\"before all\" hook",
            "fullTitle": "scores \"before all\" hook",
            "timedOut": false,
            "duration": 7624,
            "pass": false,
            "fail": false,
            "pending": false,
            "code": "try {\n    console.log(`test scores before starts`);\n    await requestTestAccessToken.getTestToken(callback);\n    await seed();\n    //console.log(`testaccesstoken: ${testAccessToken.token_type} ${testAccessToken.access_token}`);\n    console.log(`test scores before ends`);\n}\ncatch (e) {\n    console.log(`test scores before exception is caught: ${e} `);\n}",
            "err": {},
            "isRoot": false,
            "uuid": "35c16b9a-ea28-4472-9a4b-ce316ec68e65",
            "isHook": true,
            "skipped": false
          }
        ],
        "afterHooks": [],
        "tests": [],
        "suites": [
          {
            "uuid": "41c1c984-3f81-4706-9f39-5c5792c091cd",
            "title": "GET scores",
            "fullFile": "/Users/aborskiy/WIT_EntWebDev/RGInvitational_API/test/api/routes/scores.js",
            "file": "/test/api/routes/scores.js",
            "beforeHooks": [],
            "afterHooks": [],
            "tests": [
              {
                "title": "should get all scores",
                "fullTitle": "scores GET scores should get all scores",
                "timedOut": false,
                "duration": 137,
                "state": "passed",
                "speed": "slow",
                "pass": true,
                "fail": false,
                "pending": false,
                "code": "request(app)\n    .get('/api/scores')\n    //.expect(200)\n    .then(res => {\n        console.log(`GET scores test is before assertions response body: ${JSON.stringify(res.body)}`);\n        // HTTP status should be 200\n        res.should.have.property('status').equal(200);\n        res.body.length.should.be.above(0);\n        //res.body.length.should.be.above(0);\n        console.log(`GET scores test is completed response body: ${JSON.stringify(res.body)}`);\n        done();\n    });;",
                "err": {},
                "isRoot": false,
                "uuid": "e84e6bcc-7169-43f6-a553-2280d8fe86f5",
                "isHook": false,
                "skipped": false
              }
            ],
            "suites": [],
            "passes": [
              "e84e6bcc-7169-43f6-a553-2280d8fe86f5"
            ],
            "failures": [],
            "pending": [],
            "skipped": [],
            "duration": 137,
            "root": false,
            "rootEmpty": false,
            "_timeout": 10000
          },
          {
            "uuid": "9bc20f52-525e-4091-8e7f-4c967c57fd22",
            "title": "POST scores",
            "fullFile": "/Users/aborskiy/WIT_EntWebDev/RGInvitational_API/test/api/routes/scores.js",
            "file": "/test/api/routes/scores.js",
            "beforeHooks": [],
            "afterHooks": [],
            "tests": [
              {
                "title": "should fail with 401 UnauthorizedError when POSTing participant",
                "fullTitle": "scores POST scores should fail with 401 UnauthorizedError when POSTing participant",
                "timedOut": false,
                "duration": 527,
                "state": "passed",
                "speed": "slow",
                "pass": true,
                "fail": false,
                "pending": false,
                "code": "request(app)\n    .post('/api/scores')\n    .send(score1)\n    .set('Accept', 'application/json')\n    .set('Authorization', 'Bearer eyJ0eXAiOiJKV1QiLCJhbGciOiJSUzI1NiIsImtpZCI6Ik1qWTFNVUkzTkVFMU16YzJNMFl6TURkRE1rUkNPREk1UkVKR00wSkNPVGN5TmpSR00wUkdPUSJ9.eyJpc3MiOiJodHRwczovL2Fib3Jza2l5LmF1dGgwLmNvbS8iLCJzdWIiOiJCWnI0V3pBTTZWbzBLSFY2YnlObDZZYlZqNVlXTTF5a0BjbGllbnRzIiwiYXVkIjoiaHR0cHM6Ly9hYm9yc2tpeS5hdXRoMC5jb20vYXBpL3YyLyIsImlhdCI6MTU1NDk0OTM5OCwiZXhwIjoxNTU1MDM1Nzk4LCJhenAiOiJCWnI0V3pBTTZWbzBLSFY2YnlObDZZYlZqNVlXTTF5ayIsImd0eSI6ImNsaWVudC1jcmVkZW50aWFscyJ9.fvhiPoafkCYU_aEaQH1D7PJFVzNc7A3bVCyhrx_qjWUEnhHwBYll8hKWiU1A5xLV_8xktGtBJ1BFxeOrKdXJssjbSCHodShOxRzqbORDGE_Eppds1yS4WSH4ecwZ0YMovnPT_j99iP0Zcw9VB9MrMmxZLHkqtbl2ObPXvwb53eJ9Tps_Il-fwSUfV-aGyO7qqRPE5k3Qk75Q9s9RelXU9xNtpdnnrK9q2mqTaXlpVlQPsg_wbaNqBpgh9RDE9smXIsQE5NH79EbZZg4YAlVOAnSzW5R1V1K-pxSXvKjUaq6asGCIqA1Q4HgYImfj-N_4J6dHffLNMgIpnXm3EYaXkg')\n    //.expect('Content-Type', /json/)\n    //.expect(201)\n    .end((err, res) => {\n        if (err) return done(err);\n        // HTTP status should be 401\n        console.log(`should POST one score before assertions, response header: ${res.header}`);\n        console.log(`should POST one score before assertions, response info: ${res.info}`);\n        console.log(`should POST one score before assertions, response body: ${JSON.stringify(res.body)}`);\n        res.should.have.property('status').equal(401);\n        res.body.should.equal('UnauthorizedError');\n        done();\n    });",
                "err": {},
                "isRoot": false,
                "uuid": "c69e2dab-fe91-4cb8-97bf-299428d46086",
                "isHook": false,
                "skipped": false
              },
              {
                "title": "should fail validation before POSTing score with '4 scores must be present' error",
                "fullTitle": "scores POST scores should fail validation before POSTing score with '4 scores must be present' error",
                "timedOut": false,
                "duration": 27,
                "state": "passed",
                "speed": "fast",
                "pass": true,
                "fail": false,
                "pending": false,
                "code": "request(app)\n    .post('/api/scores')\n    .send(invalidScoreNoScores)\n    .set('Accept', 'application/json')\n    .set('Authorization', `${testAccessToken.token_type} ${testAccessToken.access_token}`)\n    //.expect('Content-Type', /json/)\n    //.expect(201)\n    .end((err, res) => {\n        if (err) return done(err);\n        // HTTP status should be 201\n        console.log(`should POST one score before assertions, response header: ${res.header}`);\n        console.log(`should POST one score before assertions, response info: ${res.info}`);\n        console.log(`should POST one score before assertions, response body: ${JSON.stringify(res.body)}`);\n        res.should.have.property('status').equal(422);\n        res.body[0].msg.should.equal('name does not exist');\n        res.body[3].msg.should.equal('4 scores must be present');\n        done();\n    });",
                "err": {},
                "isRoot": false,
                "uuid": "d5d99b77-5dbf-405c-bb0d-c74cb1f791b1",
                "isHook": false,
                "skipped": false
              },
              {
                "title": "should POST one score",
                "fullTitle": "scores POST scores should POST one score",
                "timedOut": false,
                "duration": 23,
                "state": "passed",
                "speed": "fast",
                "pass": true,
                "fail": false,
                "pending": false,
                "code": "request(app)\n    .post('/api/scores')\n    .send(score1)\n    .set('Accept', 'application/json')\n    .set('Authorization', `${testAccessToken.token_type} ${testAccessToken.access_token}`)\n    //.expect('Content-Type', /json/)\n    //.expect(201)\n    .end((err, res) => {\n        if (err) return done(err);\n        // HTTP status should be 201\n        console.log(`should POST one score before assertions, response header: ${res.header}`);\n        console.log(`should POST one score before assertions, response info: ${res.info}`);\n        console.log(`should POST one score before assertions, response body: ${JSON.stringify(res.body)}`);\n        res.should.have.property('status').equal(201);\n        res.body.should.have.property('id');\n        res.body.scores.should.be.instanceof(Array).and.have.lengthOf(4);\n        res.body.name.should.equal('Carol MacDonald');\n        done();\n    });",
                "err": {},
                "isRoot": false,
                "uuid": "9792c0bc-4b78-45dd-a551-2a5e885042c3",
                "isHook": false,
                "skipped": false
              }
            ],
            "suites": [],
            "passes": [
              "c69e2dab-fe91-4cb8-97bf-299428d46086",
              "d5d99b77-5dbf-405c-bb0d-c74cb1f791b1",
              "9792c0bc-4b78-45dd-a551-2a5e885042c3"
            ],
            "failures": [],
            "pending": [],
            "skipped": [],
            "duration": 577,
            "root": false,
            "rootEmpty": false,
            "_timeout": 10000
          },
          {
            "uuid": "a401d59e-ba7a-4604-a79e-e978699b30ce",
            "title": "PUT score",
            "fullFile": "/Users/aborskiy/WIT_EntWebDev/RGInvitational_API/test/api/routes/scores.js",
            "file": "/test/api/routes/scores.js",
            "beforeHooks": [],
            "afterHooks": [],
            "tests": [
              {
                "title": "should PUT one score",
                "fullTitle": "scores PUT score should PUT one score",
                "timedOut": false,
                "duration": 101,
                "state": "passed",
                "speed": "slow",
                "pass": true,
                "fail": false,
                "pending": false,
                "code": "request(app)\n    .put('/api/scores/901')\n    .send(score1)\n    .set('Accept', 'application/json')\n    .set('Authorization', `${testAccessToken.token_type} ${testAccessToken.access_token}`)\n    //.expect('Content-Type', /json/)\n    .end((err, res) => {\n        if (err) return done(err);\n        console.log(`should PUT one score before assertions, response header: ${res.header}`);\n        console.log(`should PUT one score before assertions, response info: ${res.info}`);\n        console.log(`should PUT one score before assertions, response body: ${JSON.stringify(res.body)}`);\n        res.should.have.property('status').equal(200);\n        res.body.should.have.property('id');\n        res.body.scores.should.be.instanceof(Array).and.have.lengthOf(4);\n        res.body.name.should.equal('Carol MacDonald');\n        done();\n    });",
                "err": {},
                "isRoot": false,
                "uuid": "00e0c253-79b7-4c7b-9784-152160b20a5f",
                "isHook": false,
                "skipped": false
              },
              {
                "title": "should fail finding PUT request without param id with 404",
                "fullTitle": "scores PUT score should fail finding PUT request without param id with 404",
                "timedOut": false,
                "duration": 5,
                "state": "passed",
                "speed": "fast",
                "pass": true,
                "fail": false,
                "pending": false,
                "code": "request(app)\n    .put('/api/scores')\n    .send(score1)\n    .set('Accept', 'application/json')\n    .set('Authorization', `${testAccessToken.token_type} ${testAccessToken.access_token}`)\n    .end((err, res) => {\n        if (err) return done(err);\n        console.log(`should POST one score before assertions, response header: ${res.header}`);\n        console.log(`should POST one score before assertions, response info: ${res.info}`);\n        console.log(`should POST one score before assertions, response body: ${JSON.stringify(res.body)}`);\n        res.should.have.property('status').equal(404);\n        done();\n    });",
                "err": {},
                "isRoot": false,
                "uuid": "e5e59220-0b1c-4416-8b0e-2f8b16b31df5",
                "isHook": false,
                "skipped": false
              },
              {
                "title": "should fail PUT request validation with not numeric id parameter",
                "fullTitle": "scores PUT score should fail PUT request validation with not numeric id parameter",
                "timedOut": false,
                "duration": 16,
                "state": "passed",
                "speed": "fast",
                "pass": true,
                "fail": false,
                "pending": false,
                "code": "request(app)\n    .put('/api/scores/fake')\n    .send(score1)\n    .set('Accept', 'application/json')\n    .set('Authorization', `${testAccessToken.token_type} ${testAccessToken.access_token}`)\n    .end((err, res) => {\n        if (err) return done(err);\n        console.log(`should POST one score before assertions, response header: ${res.header}`);\n        console.log(`should POST one score before assertions, response info: ${res.info}`);\n        console.log(`should POST one score before assertions, response body: ${JSON.stringify(res.body)}`);\n        res.should.have.property('status').equal(422);\n        res.body.should.be.instanceof(Array).and.have.lengthOf(1);\n        done();\n    });",
                "err": {},
                "isRoot": false,
                "uuid": "22984efd-4b90-4a37-8739-df4877b8d5dd",
                "isHook": false,
                "skipped": false
              }
            ],
            "suites": [],
            "passes": [
              "00e0c253-79b7-4c7b-9784-152160b20a5f",
              "e5e59220-0b1c-4416-8b0e-2f8b16b31df5",
              "22984efd-4b90-4a37-8739-df4877b8d5dd"
            ],
            "failures": [],
            "pending": [],
            "skipped": [],
            "duration": 122,
            "root": false,
            "rootEmpty": false,
            "_timeout": 10000
          },
          {
            "uuid": "c7f4892d-0e46-4cd5-b946-f10a99ef5bc7",
            "title": "DELETE score",
            "fullFile": "/Users/aborskiy/WIT_EntWebDev/RGInvitational_API/test/api/routes/scores.js",
            "file": "/test/api/routes/scores.js",
            "beforeHooks": [],
            "afterHooks": [],
            "tests": [
              {
                "title": "should DELETE one score",
                "fullTitle": "scores DELETE score should DELETE one score",
                "timedOut": false,
                "duration": 92,
                "state": "passed",
                "speed": "slow",
                "pass": true,
                "fail": false,
                "pending": false,
                "code": "request(app)\n    .delete('/api/scores/901')\n    .set('Accept', 'application/json')\n    .set('Authorization', `${testAccessToken.token_type} ${testAccessToken.access_token}`)\n    //.expect('Content-Type', /json/)\n    .end((err, res) => {\n        if (err) return done(err);\n        console.log(`should DELETE one score before assertions, response header: ${res.header}`);\n        console.log(`should DELETE one score before assertions, response info: ${res.info}`);\n        console.log(`should DELETE one score before assertions, response body: ${JSON.stringify(res.body)}`);\n        res.should.have.property('status').equal(200);\n        res.body.should.have.property('id');\n        res.body.scores.should.be.instanceof(Array).and.have.lengthOf(4);\n        res.body.name.should.equal('Carol MacDonald');\n        done();\n    });",
                "err": {},
                "isRoot": false,
                "uuid": "632af93f-0f20-4b4b-b387-d6d2baea0307",
                "isHook": false,
                "skipped": false
              }
            ],
            "suites": [],
            "passes": [
              "632af93f-0f20-4b4b-b387-d6d2baea0307"
            ],
            "failures": [],
            "pending": [],
            "skipped": [],
            "duration": 92,
            "root": false,
            "rootEmpty": false,
            "_timeout": 10000
          },
          {
            "uuid": "718de48a-f463-446b-8345-524d0da8190c",
            "title": "DELETE scores BULK",
            "fullFile": "/Users/aborskiy/WIT_EntWebDev/RGInvitational_API/test/api/routes/scores.js",
            "file": "/test/api/routes/scores.js",
            "beforeHooks": [],
            "afterHooks": [],
            "tests": [
              {
                "title": "should DELETE BULK scores",
                "fullTitle": "scores DELETE scores BULK should DELETE BULK scores",
                "timedOut": false,
                "duration": 14,
                "state": "passed",
                "speed": "fast",
                "pass": true,
                "fail": false,
                "pending": false,
                "code": "request(app)\n    .delete('/api/scores')\n    .set('Accept', 'application/json')\n    .set('X-Action', 'bulk')\n    .set('Authorization', `${testAccessToken.token_type} ${testAccessToken.access_token}`)\n    .end((err, res) => {\n        if (err) return done(err);\n        // HTTP status should be 200\n        console.log(`in end after should DELETE BULK scores`);\n        //console.log(`should POST one rotationentry before assertions, response header: ${res.header}`);\n        //console.log(`should POST one rotationentry before assertions, response info: ${res.info}`);\n        //console.log(`should POST one rotationentry before assertions, response body: ${JSON.stringify(res.body)}`);\n        res.should.have.property('status').equal(200);\n        done();\n    });",
                "err": {},
                "isRoot": false,
                "uuid": "9167142a-98fa-4b2d-9acb-8cb1bd8bcbf0",
                "isHook": false,
                "skipped": false
              }
            ],
            "suites": [],
            "passes": [
              "9167142a-98fa-4b2d-9acb-8cb1bd8bcbf0"
            ],
            "failures": [],
            "pending": [],
            "skipped": [],
            "duration": 14,
            "root": false,
            "rootEmpty": false,
            "_timeout": 10000
          }
        ],
        "passes": [],
        "failures": [],
        "pending": [],
        "skipped": [],
        "duration": 0,
        "root": false,
        "rootEmpty": false,
        "_timeout": 10000
      }
    ],
    "passes": [],
    "failures": [],
    "pending": [],
    "skipped": [],
    "duration": 0,
    "root": true,
    "rootEmpty": true,
    "_timeout": 10000
  },
  "copyrightYear": 2019
}