{
  "stats": {
    "suites": 5,
    "tests": 8,
    "passes": 8,
    "pending": 0,
    "failures": 0,
    "start": "2019-04-28T18:54:26.346Z",
    "end": "2019-04-28T18:54:31.236Z",
    "duration": 4890,
    "testsRegistered": 8,
    "passPercent": 100,
    "pendingPercent": 0,
    "other": 0,
    "hasOther": false,
    "skipped": 0,
    "hasSkipped": false,
    "passPercentClass": "success",
    "pendingPercentClass": "danger"
  },
  "suites": {
    "uuid": "5a1a0c76-8b3a-4d02-8db7-d502ab23df3a",
    "title": "",
    "fullFile": "",
    "file": "",
    "beforeHooks": [],
    "afterHooks": [],
    "tests": [],
    "suites": [
      {
        "uuid": "5c0af60c-e583-40d9-a59d-3078e1fc2ff9",
        "title": "scores",
        "fullFile": "/Users/aborskiy/WIT_EntWebDev/RGInvitational_API/test/api/routes/scores.js",
        "file": "/test/api/routes/scores.js",
        "beforeHooks": [
          {
            "title": "\"before all\" hook",
            "fullTitle": "scores \"before all\" hook",
            "timedOut": false,
            "duration": 4052,
            "pass": false,
            "fail": false,
            "pending": false,
            "code": "try {\n    console.log(`test scores before starts`);\n    await requestTestAccessToken.getTestToken(callback);\n    await seed();\n    //console.log(`testaccesstoken: ${testAccessToken.token_type} ${testAccessToken.access_token}`);\n    console.log(`test scores before ends`);\n}\ncatch (e) {\n    console.log(`test scores before exception is caught: ${e} `);\n}",
            "err": {},
            "isRoot": false,
            "uuid": "ca3dda6a-0754-4cea-be11-e953b4ea4c7d",
            "isHook": true,
            "skipped": false
          }
        ],
        "afterHooks": [],
        "tests": [],
        "suites": [
          {
            "uuid": "fd5e0edc-f2a2-4e43-8959-5bfb7f4808f3",
            "title": "GET scores",
            "fullFile": "/Users/aborskiy/WIT_EntWebDev/RGInvitational_API/test/api/routes/scores.js",
            "file": "/test/api/routes/scores.js",
            "beforeHooks": [],
            "afterHooks": [],
            "tests": [
              {
                "title": "should get all scores",
                "fullTitle": "scores GET scores should get all scores",
                "timedOut": false,
                "duration": 92,
                "state": "passed",
                "speed": "slow",
                "pass": true,
                "fail": false,
                "pending": false,
                "code": "request(app)\n    .get('/api/scores')\n    //.expect(200)\n    .then(res => {\n        console.log(`GET scores test is before assertions response body: ${JSON.stringify(res.body)}`);\n        // HTTP status should be 200\n        res.should.have.property('status').equal(200);\n        res.body.length.should.be.above(0);\n        //res.body.length.should.be.above(0);\n        console.log(`GET scores test is completed response body: ${JSON.stringify(res.body)}`);\n        done();\n    });;",
                "err": {},
                "isRoot": false,
                "uuid": "7bd5391f-d61f-4de7-84ba-e0cbcf35b87e",
                "isHook": false,
                "skipped": false
              }
            ],
            "suites": [],
            "passes": [
              "7bd5391f-d61f-4de7-84ba-e0cbcf35b87e"
            ],
            "failures": [],
            "pending": [],
            "skipped": [],
            "duration": 92,
            "root": false,
            "rootEmpty": false,
            "_timeout": 10000
          },
          {
            "uuid": "489b2ae2-fa38-44e6-bb49-3ec65c80b816",
            "title": "POST scores",
            "fullFile": "/Users/aborskiy/WIT_EntWebDev/RGInvitational_API/test/api/routes/scores.js",
            "file": "/test/api/routes/scores.js",
            "beforeHooks": [],
            "afterHooks": [],
            "tests": [
              {
                "title": "should fail with 401 UnauthorizedError when POSTing participant",
                "fullTitle": "scores POST scores should fail with 401 UnauthorizedError when POSTing participant",
                "timedOut": false,
                "duration": 563,
                "state": "passed",
                "speed": "slow",
                "pass": true,
                "fail": false,
                "pending": false,
                "code": "request(app)\n    .post('/api/scores')\n    .send(score1)\n    .set('Accept', 'application/json')\n    .set('Authorization', 'Bearer eyJ0eXAiOiJKV1QiLCJhbGciOiJSUzI1NiIsImtpZCI6Ik1qWTFNVUkzTkVFMU16YzJNMFl6TURkRE1rUkNPREk1UkVKR00wSkNPVGN5TmpSR00wUkdPUSJ9.eyJpc3MiOiJodHRwczovL2Fib3Jza2l5LmF1dGgwLmNvbS8iLCJzdWIiOiJCWnI0V3pBTTZWbzBLSFY2YnlObDZZYlZqNVlXTTF5a0BjbGllbnRzIiwiYXVkIjoiaHR0cHM6Ly9hYm9yc2tpeS5hdXRoMC5jb20vYXBpL3YyLyIsImlhdCI6MTU1NDk0OTM5OCwiZXhwIjoxNTU1MDM1Nzk4LCJhenAiOiJCWnI0V3pBTTZWbzBLSFY2YnlObDZZYlZqNVlXTTF5ayIsImd0eSI6ImNsaWVudC1jcmVkZW50aWFscyJ9.fvhiPoafkCYU_aEaQH1D7PJFVzNc7A3bVCyhrx_qjWUEnhHwBYll8hKWiU1A5xLV_8xktGtBJ1BFxeOrKdXJssjbSCHodShOxRzqbORDGE_Eppds1yS4WSH4ecwZ0YMovnPT_j99iP0Zcw9VB9MrMmxZLHkqtbl2ObPXvwb53eJ9Tps_Il-fwSUfV-aGyO7qqRPE5k3Qk75Q9s9RelXU9xNtpdnnrK9q2mqTaXlpVlQPsg_wbaNqBpgh9RDE9smXIsQE5NH79EbZZg4YAlVOAnSzW5R1V1K-pxSXvKjUaq6asGCIqA1Q4HgYImfj-N_4J6dHffLNMgIpnXm3EYaXkg')\n    //.expect('Content-Type', /json/)\n    //.expect(201)\n    .end((err, res) => {\n        if (err) return done(err);\n        // HTTP status should be 401\n        console.log(`should POST one score before assertions, response header: ${res.header}`);\n        console.log(`should POST one score before assertions, response info: ${res.info}`);\n        console.log(`should POST one score before assertions, response body: ${JSON.stringify(res.body)}`);\n        res.should.have.property('status').equal(401);\n        res.body.should.equal('UnauthorizedError');\n        done();\n    });",
                "err": {},
                "isRoot": false,
                "uuid": "fddd6d58-1f4a-437d-b131-cbc4426153a7",
                "isHook": false,
                "skipped": false
              },
              {
                "title": "should fail validation before POSTing score with '4 scores must be present' error",
                "fullTitle": "scores POST scores should fail validation before POSTing score with '4 scores must be present' error",
                "timedOut": false,
                "duration": 14,
                "state": "passed",
                "speed": "fast",
                "pass": true,
                "fail": false,
                "pending": false,
                "code": "request(app)\n    .post('/api/scores')\n    .send(invalidScoreNoScores)\n    .set('Accept', 'application/json')\n    .set('Authorization', `${testAccessToken.token_type} ${testAccessToken.access_token}`)\n    //.expect('Content-Type', /json/)\n    //.expect(201)\n    .end((err, res) => {\n        if (err) return done(err);\n        // HTTP status should be 201\n        console.log(`should POST one score before assertions, response header: ${res.header}`);\n        console.log(`should POST one score before assertions, response info: ${res.info}`);\n        console.log(`should POST one score before assertions, response body: ${JSON.stringify(res.body)}`);\n        res.should.have.property('status').equal(422);\n        res.body[0].msg.should.equal('name does not exist');\n        res.body[3].msg.should.equal('4 scores must be present');\n        done();\n    });",
                "err": {},
                "isRoot": false,
                "uuid": "facdb8b8-ad20-427b-8726-c95b0bf3be5f",
                "isHook": false,
                "skipped": false
              },
              {
                "title": "should POST one score",
                "fullTitle": "scores POST scores should POST one score",
                "timedOut": false,
                "duration": 16,
                "state": "passed",
                "speed": "fast",
                "pass": true,
                "fail": false,
                "pending": false,
                "code": "request(app)\n    .post('/api/scores')\n    .send(score1)\n    .set('Accept', 'application/json')\n    .set('Authorization', `${testAccessToken.token_type} ${testAccessToken.access_token}`)\n    //.expect('Content-Type', /json/)\n    //.expect(201)\n    .end((err, res) => {\n        if (err) return done(err);\n        // HTTP status should be 201\n        console.log(`should POST one score before assertions, response header: ${res.header}`);\n        console.log(`should POST one score before assertions, response info: ${res.info}`);\n        console.log(`should POST one score before assertions, response body: ${JSON.stringify(res.body)}`);\n        res.should.have.property('status').equal(201);\n        res.body.should.have.property('id');\n        res.body.scores.should.be.instanceof(Array).and.have.lengthOf(4);\n        res.body.name.should.equal('Carol MacDonald');\n        done();\n    });",
                "err": {},
                "isRoot": false,
                "uuid": "83096b16-0896-4572-957f-e3a26aa8167e",
                "isHook": false,
                "skipped": false
              }
            ],
            "suites": [],
            "passes": [
              "fddd6d58-1f4a-437d-b131-cbc4426153a7",
              "facdb8b8-ad20-427b-8726-c95b0bf3be5f",
              "83096b16-0896-4572-957f-e3a26aa8167e"
            ],
            "failures": [],
            "pending": [],
            "skipped": [],
            "duration": 593,
            "root": false,
            "rootEmpty": false,
            "_timeout": 10000
          },
          {
            "uuid": "280aea59-9cda-49c3-a29a-ee14e0e870c1",
            "title": "PUT participant",
            "fullFile": "/Users/aborskiy/WIT_EntWebDev/RGInvitational_API/test/api/routes/scores.js",
            "file": "/test/api/routes/scores.js",
            "beforeHooks": [],
            "afterHooks": [],
            "tests": [
              {
                "title": "should PUT one score",
                "fullTitle": "scores PUT participant should PUT one score",
                "timedOut": false,
                "duration": 29,
                "state": "passed",
                "speed": "fast",
                "pass": true,
                "fail": false,
                "pending": false,
                "code": "request(app)\n    .put('/api/scores/901')\n    .send(score1)\n    .set('Accept', 'application/json')\n    .set('Authorization', `${testAccessToken.token_type} ${testAccessToken.access_token}`)\n    //.expect('Content-Type', /json/)\n    .end((err, res) => {\n        if (err) return done(err);\n        console.log(`should PUT one score before assertions, response header: ${res.header}`);\n        console.log(`should PUT one score before assertions, response info: ${res.info}`);\n        console.log(`should PUT one score before assertions, response body: ${JSON.stringify(res.body)}`);\n        res.should.have.property('status').equal(200);\n        res.body.should.have.property('id');\n        res.body.scores.should.be.instanceof(Array).and.have.lengthOf(4);\n        res.body.name.should.equal('Carol MacDonald');\n        done();\n    });",
                "err": {},
                "isRoot": false,
                "uuid": "7bfb6b4b-c15f-4b80-a14b-9b407bbc1c90",
                "isHook": false,
                "skipped": false
              },
              {
                "title": "should fail finding PUT request without param id with 404",
                "fullTitle": "scores PUT participant should fail finding PUT request without param id with 404",
                "timedOut": false,
                "duration": 6,
                "state": "passed",
                "speed": "fast",
                "pass": true,
                "fail": false,
                "pending": false,
                "code": "request(app)\n    .put('/api/scores')\n    .send(score1)\n    .set('Accept', 'application/json')\n    .set('Authorization', `${testAccessToken.token_type} ${testAccessToken.access_token}`)\n    .end((err, res) => {\n        if (err) return done(err);\n        console.log(`should POST one score before assertions, response header: ${res.header}`);\n        console.log(`should POST one score before assertions, response info: ${res.info}`);\n        console.log(`should POST one score before assertions, response body: ${JSON.stringify(res.body)}`);\n        res.should.have.property('status').equal(404);\n        done();\n    });",
                "err": {},
                "isRoot": false,
                "uuid": "74088469-b08c-4023-ad67-e76f68a4c7bb",
                "isHook": false,
                "skipped": false
              },
              {
                "title": "should fail PUT request validation with not numeric id parameter",
                "fullTitle": "scores PUT participant should fail PUT request validation with not numeric id parameter",
                "timedOut": false,
                "duration": 7,
                "state": "passed",
                "speed": "fast",
                "pass": true,
                "fail": false,
                "pending": false,
                "code": "request(app)\n    .put('/api/scores/fake')\n    .send(score1)\n    .set('Accept', 'application/json')\n    .set('Authorization', `${testAccessToken.token_type} ${testAccessToken.access_token}`)\n    .end((err, res) => {\n        if (err) return done(err);\n        console.log(`should POST one score before assertions, response header: ${res.header}`);\n        console.log(`should POST one score before assertions, response info: ${res.info}`);\n        console.log(`should POST one score before assertions, response body: ${JSON.stringify(res.body)}`);\n        res.should.have.property('status').equal(422);\n        res.body.should.be.instanceof(Array).and.have.lengthOf(1);\n        done();\n    });",
                "err": {},
                "isRoot": false,
                "uuid": "57c19781-c66e-4858-873a-34b9182a1b77",
                "isHook": false,
                "skipped": false
              }
            ],
            "suites": [],
            "passes": [
              "7bfb6b4b-c15f-4b80-a14b-9b407bbc1c90",
              "74088469-b08c-4023-ad67-e76f68a4c7bb",
              "57c19781-c66e-4858-873a-34b9182a1b77"
            ],
            "failures": [],
            "pending": [],
            "skipped": [],
            "duration": 42,
            "root": false,
            "rootEmpty": false,
            "_timeout": 10000
          },
          {
            "uuid": "3cd2610f-d5be-4a15-a4cd-e2525afe6bf9",
            "title": "DELETE score",
            "fullFile": "/Users/aborskiy/WIT_EntWebDev/RGInvitational_API/test/api/routes/scores.js",
            "file": "/test/api/routes/scores.js",
            "beforeHooks": [],
            "afterHooks": [],
            "tests": [
              {
                "title": "should DELETE one score",
                "fullTitle": "scores DELETE score should DELETE one score",
                "timedOut": false,
                "duration": 22,
                "state": "passed",
                "speed": "fast",
                "pass": true,
                "fail": false,
                "pending": false,
                "code": "request(app)\n    .delete('/api/scores/901')\n    .set('Accept', 'application/json')\n    .set('Authorization', `${testAccessToken.token_type} ${testAccessToken.access_token}`)\n    //.expect('Content-Type', /json/)\n    .end((err, res) => {\n        if (err) return done(err);\n        console.log(`should DELETE one score before assertions, response header: ${res.header}`);\n        console.log(`should DELETE one score before assertions, response info: ${res.info}`);\n        console.log(`should DELETE one score before assertions, response body: ${JSON.stringify(res.body)}`);\n        res.should.have.property('status').equal(200);\n        res.body.should.have.property('id');\n        res.body.scores.should.be.instanceof(Array).and.have.lengthOf(4);\n        res.body.name.should.equal('Carol MacDonald');\n        done();\n    });",
                "err": {},
                "isRoot": false,
                "uuid": "36cd4357-6be2-4052-a109-36afb126e333",
                "isHook": false,
                "skipped": false
              }
            ],
            "suites": [],
            "passes": [
              "36cd4357-6be2-4052-a109-36afb126e333"
            ],
            "failures": [],
            "pending": [],
            "skipped": [],
            "duration": 22,
            "root": false,
            "rootEmpty": false,
            "_timeout": 10000
          }
        ],
        "passes": [],
        "failures": [],
        "pending": [],
        "skipped": [],
        "duration": 0,
        "root": false,
        "rootEmpty": false,
        "_timeout": 10000
      }
    ],
    "passes": [],
    "failures": [],
    "pending": [],
    "skipped": [],
    "duration": 0,
    "root": true,
    "rootEmpty": true,
    "_timeout": 10000
  },
  "copyrightYear": 2019
}