{
  "stats": {
    "suites": 8,
    "tests": 10,
    "passes": 10,
    "pending": 0,
    "failures": 0,
    "start": "2019-05-19T02:18:52.400Z",
    "end": "2019-05-19T02:18:58.527Z",
    "duration": 6127,
    "testsRegistered": 10,
    "passPercent": 100,
    "pendingPercent": 0,
    "other": 0,
    "hasOther": false,
    "skipped": 0,
    "hasSkipped": false,
    "passPercentClass": "success",
    "pendingPercentClass": "danger"
  },
  "suites": {
    "uuid": "a2454353-58f0-4930-bb9b-480481589391",
    "title": "",
    "fullFile": "",
    "file": "",
    "beforeHooks": [],
    "afterHooks": [],
    "tests": [],
    "suites": [
      {
        "uuid": "d6470166-378b-41d4-8865-3732b101744b",
        "title": "rotationentries",
        "fullFile": "/Users/aborskiy/WIT_EntWebDev/RGInvitational_API/test/api/routes/rotationentries.js",
        "file": "/test/api/routes/rotationentries.js",
        "beforeHooks": [
          {
            "title": "\"before all\" hook",
            "fullTitle": "rotationentries \"before all\" hook",
            "timedOut": false,
            "duration": 4581,
            "pass": false,
            "fail": false,
            "pending": false,
            "code": "try {\n    console.log(`test rotationentries before starts`);\n    await requestTestAccessToken.getTestToken(callback);\n    await seed();\n    //console.log(`testaccesstoken: ${testAccessToken.token_type} ${testAccessToken.access_token}`);\n    console.log(`test rotationentries before ends`);\n}\ncatch (e) {\n    console.log(`test rotationentries before exception is caught: ${e} `);\n}",
            "err": {},
            "isRoot": false,
            "uuid": "32512982-5e14-4799-b3f4-8a49aae4e518",
            "isHook": true,
            "skipped": false
          },
          {
            "title": "\"before each\" hook",
            "fullTitle": "rotationentries \"before each\" hook",
            "timedOut": false,
            "duration": 0,
            "pass": false,
            "fail": false,
            "pending": false,
            "code": "rotationEntry = {\n    \"rotaId\": 1,\n    \"participantId\": 908,\n    \"name\": \"Julia B\",\n    \"team\": \"RUS\",\n    \"apparatus\": {\n        \"id\": \"floor\",\n        \"imageurl\": \"images/floor-min-2.png\"\n    },\n    \"score\": {\n        \"id\": \"floor\",\n        \"diff\": 9.3,\n        \"exec\": 9,\n        \"deduct\": 0.1,\n        \"total\": 18.2\n    }\n};\ninvalidRotationEntry = {\n    \"rotaId\": 1,\n    \"participantId\": 908,\n    \"team\": \"RUS\",\n    \"apparatus\": {\n        \"id\": \"dummy\",\n        \"imageurl\": \"images/floor-min-2.png\"\n    },\n    \"score\": {\n        \"id\": \"floor\",\n        \"diff\": 9.3,\n        \"exec\": 9,\n        \"deduct\": 0.1,\n        \"total\": 18.2\n    }\n};",
            "err": {},
            "isRoot": false,
            "uuid": "9d665337-6fea-406f-94c7-bc28c7f6a943",
            "isHook": true,
            "skipped": false
          }
        ],
        "afterHooks": [],
        "tests": [],
        "suites": [
          {
            "uuid": "31ab416a-278a-44e9-8328-145b4c72b64d",
            "title": "GET rotationentries",
            "fullFile": "/Users/aborskiy/WIT_EntWebDev/RGInvitational_API/test/api/routes/rotationentries.js",
            "file": "/test/api/routes/rotationentries.js",
            "beforeHooks": [],
            "afterHooks": [],
            "tests": [
              {
                "title": "should get all rotationentries",
                "fullTitle": "rotationentries GET rotationentries should get all rotationentries",
                "timedOut": false,
                "duration": 448,
                "state": "passed",
                "speed": "slow",
                "pass": true,
                "fail": false,
                "pending": false,
                "code": "request(app)\n    .get('/api/rotationentries')\n    //.expect(200)\n    .then(res => {\n        console.log(`GET rotationentries test is before assertions response body: ${JSON.stringify(res.body)}`);\n        // HTTP status should be 200\n        res.should.have.property('status').equal(200);\n        res.body.length.should.be.above(0);\n        //res.body.length.should.be.above(0);\n        console.log(`GET rotationentries test is completed response body: ${JSON.stringify(res.body)}`);\n        done();\n    });;",
                "err": {},
                "isRoot": false,
                "uuid": "5b677145-e4b2-43a9-b949-45b15bd4778d",
                "isHook": false,
                "skipped": false
              }
            ],
            "suites": [],
            "passes": [
              "5b677145-e4b2-43a9-b949-45b15bd4778d"
            ],
            "failures": [],
            "pending": [],
            "skipped": [],
            "duration": 448,
            "root": false,
            "rootEmpty": false,
            "_timeout": 10000
          },
          {
            "uuid": "f0574ece-b539-490c-b9fe-ef10abe0df9d",
            "title": "POST rotationentries",
            "fullFile": "/Users/aborskiy/WIT_EntWebDev/RGInvitational_API/test/api/routes/rotationentries.js",
            "file": "/test/api/routes/rotationentries.js",
            "beforeHooks": [],
            "afterHooks": [],
            "tests": [
              {
                "title": "should fail with 401 UnauthorizedError when POSTing rotation entry",
                "fullTitle": "rotationentries POST rotationentries should fail with 401 UnauthorizedError when POSTing rotation entry",
                "timedOut": false,
                "duration": 490,
                "state": "passed",
                "speed": "slow",
                "pass": true,
                "fail": false,
                "pending": false,
                "code": "request(app)\n    .post('/api/rotationentries')\n    .send(rotationEntry)\n    .set('Accept', 'application/json')\n    .set('Authorization', 'Bearer eyJ0eXAiOiJKV1QiLCJhbGciOiJSUzI1NiIsImtpZCI6Ik1qWTFNVUkzTkVFMU16YzJNMFl6TURkRE1rUkNPREk1UkVKR00wSkNPVGN5TmpSR00wUkdPUSJ9.eyJpc3MiOiJodHRwczovL2Fib3Jza2l5LmF1dGgwLmNvbS8iLCJzdWIiOiJCWnI0V3pBTTZWbzBLSFY2YnlObDZZYlZqNVlXTTF5a0BjbGllbnRzIiwiYXVkIjoiaHR0cHM6Ly9hYm9yc2tpeS5hdXRoMC5jb20vYXBpL3YyLyIsImlhdCI6MTU1NDk0OTM5OCwiZXhwIjoxNTU1MDM1Nzk4LCJhenAiOiJCWnI0V3pBTTZWbzBLSFY2YnlObDZZYlZqNVlXTTF5ayIsImd0eSI6ImNsaWVudC1jcmVkZW50aWFscyJ9.fvhiPoafkCYU_aEaQH1D7PJFVzNc7A3bVCyhrx_qjWUEnhHwBYll8hKWiU1A5xLV_8xktGtBJ1BFxeOrKdXJssjbSCHodShOxRzqbORDGE_Eppds1yS4WSH4ecwZ0YMovnPT_j99iP0Zcw9VB9MrMmxZLHkqtbl2ObPXvwb53eJ9Tps_Il-fwSUfV-aGyO7qqRPE5k3Qk75Q9s9RelXU9xNtpdnnrK9q2mqTaXlpVlQPsg_wbaNqBpgh9RDE9smXIsQE5NH79EbZZg4YAlVOAnSzW5R1V1K-pxSXvKjUaq6asGCIqA1Q4HgYImfj-N_4J6dHffLNMgIpnXm3EYaXkg')\n    .end((err, res) => {\n        if (err) return done(err);\n        // HTTP status should be 401\n        console.log(`should POST one rotationentry before assertions, response header: ${res.header}`);\n        console.log(`should POST one rotationentry before assertions, response info: ${res.info}`);\n        console.log(`should POST one rotationentry before assertions, response body: ${JSON.stringify(res.body)}`);\n        res.should.have.property('status').equal(401);\n        res.body.should.equal('UnauthorizedError');\n        done();\n    });",
                "err": {},
                "isRoot": false,
                "uuid": "98aa40df-170c-4260-827c-2c9bb6040f70",
                "isHook": false,
                "skipped": false
              },
              {
                "title": "should fail validation before POSTing rotationentries with 'apparatus id is invalid' error",
                "fullTitle": "rotationentries POST rotationentries should fail validation before POSTing rotationentries with 'apparatus id is invalid' error",
                "timedOut": false,
                "duration": 18,
                "state": "passed",
                "speed": "fast",
                "pass": true,
                "fail": false,
                "pending": false,
                "code": "request(app)\n    .post('/api/rotationentries')\n    .send(invalidRotationEntry)\n    .set('Accept', 'application/json')\n    .set('Authorization', `${testAccessToken.token_type} ${testAccessToken.access_token}`)\n    //.expect('Content-Type', /json/)\n    //.expect(201)\n    .end((err, res) => {\n        if (err) return done(err);\n        console.log(`should POST one rotationentry before assertions, response header: ${res.header}`);\n        console.log(`should POST one rotationentry before assertions, response info: ${res.info}`);\n        console.log(`should POST one rotationentry before assertions, response body: ${JSON.stringify(res.body)}`);\n        res.should.have.property('status').equal(422);\n        res.body.length.should.be.above(0);\n        res.body[0].msg.should.equal('name does not exist');\n        res.body[1].msg.should.equal('apparatus id is invalid, should be floor, hoop, rope, ribbon');\n        done();\n    });",
                "err": {},
                "isRoot": false,
                "uuid": "357a07dc-3801-4887-8389-7700794d82ba",
                "isHook": false,
                "skipped": false
              },
              {
                "title": "should POST one rotationentry",
                "fullTitle": "rotationentries POST rotationentries should POST one rotationentry",
                "timedOut": false,
                "duration": 33,
                "state": "passed",
                "speed": "fast",
                "pass": true,
                "fail": false,
                "pending": false,
                "code": "request(app)\n    .post('/api/rotationentries')\n    .send(rotationEntry)\n    .set('Accept', 'application/json')\n    .set('Authorization', `${testAccessToken.token_type} ${testAccessToken.access_token}`)\n    //.expect('Content-Type', /json/)\n    //.expect(201)\n    .end((err, res) => {\n        if (err) return done(err);\n        // HTTP status should be 201\n        console.log(`should POST one rotationentry before assertions, response header: ${res.header}`);\n        console.log(`should POST one rotationentry before assertions, response info: ${res.info}`);\n        console.log(`should POST one rotationentry before assertions, response body: ${JSON.stringify(res.body)}`);\n        res.should.have.property('status').equal(201);\n        res.body.should.have.property('rotaId');\n        res.body.name.should.equal(rotationEntry.name);\n        done();\n    });",
                "err": {},
                "isRoot": false,
                "uuid": "8ee360cb-303c-4f07-9280-4f4bbda1d658",
                "isHook": false,
                "skipped": false
              }
            ],
            "suites": [],
            "passes": [
              "98aa40df-170c-4260-827c-2c9bb6040f70",
              "357a07dc-3801-4887-8389-7700794d82ba",
              "8ee360cb-303c-4f07-9280-4f4bbda1d658"
            ],
            "failures": [],
            "pending": [],
            "skipped": [],
            "duration": 541,
            "root": false,
            "rootEmpty": false,
            "_timeout": 10000
          },
          {
            "uuid": "e37938c6-f03c-4656-9908-530bea9d3953",
            "title": "PUT rotationentry",
            "fullFile": "/Users/aborskiy/WIT_EntWebDev/RGInvitational_API/test/api/routes/rotationentries.js",
            "file": "/test/api/routes/rotationentries.js",
            "beforeHooks": [],
            "afterHooks": [],
            "tests": [
              {
                "title": "should PUT one rotationentry",
                "fullTitle": "rotationentries PUT rotationentry should PUT one rotationentry",
                "timedOut": false,
                "duration": 36,
                "state": "passed",
                "speed": "fast",
                "pass": true,
                "fail": false,
                "pending": false,
                "code": "request(app)\n    .put('/api/rotationentries/1')\n    .send(rotationEntry)\n    .set('Accept', 'application/json')\n    .set('Authorization', `${testAccessToken.token_type} ${testAccessToken.access_token}`)\n    //.expect('Content-Type', /json/)\n    .end((err, res) => {\n        if (err) return done(err);\n        console.log(`should PUT one rotationentry before assertions, response header: ${res.header}`);\n        console.log(`should PUT one rotationentry before assertions, response info: ${res.info}`);\n        console.log(`should PUT one rotationentry before assertions, response body: ${JSON.stringify(res.body)}`);\n        res.should.have.property('status').equal(200);\n        res.body.should.have.property('rotaId');\n        res.body.rotaId.should.equal(rotationEntry.rotaId);\n        res.body.name.should.equal(rotationEntry.name);\n        done();\n    });",
                "err": {},
                "isRoot": false,
                "uuid": "c7264710-a7d6-4046-84ef-b08a3f28779b",
                "isHook": false,
                "skipped": false
              },
              {
                "title": "should fail finding PUT request without param id with 404",
                "fullTitle": "rotationentries PUT rotationentry should fail finding PUT request without param id with 404",
                "timedOut": false,
                "duration": 42,
                "state": "passed",
                "speed": "medium",
                "pass": true,
                "fail": false,
                "pending": false,
                "code": "request(app)\n    .put('/api/rotationentries/0102039848')\n    .send(rotationEntry)\n    .set('Accept', 'application/json')\n    .set('Authorization', `${testAccessToken.token_type} ${testAccessToken.access_token}`)\n    .end((err, res) => {\n        if (err) return done(err);\n        console.log(`should PUT one rotationentry before assertions, response header: ${res.header}`);\n        console.log(`should PUT one rotationentry before assertions, response info: ${res.info}`);\n        console.log(`should PUT one rotationentry before assertions, response body: ${JSON.stringify(res.body)}`);\n        res.should.have.property('status').equal(404);\n        done();\n    });",
                "err": {},
                "isRoot": false,
                "uuid": "1473d857-1c92-47b7-a315-3215e1adcc79",
                "isHook": false,
                "skipped": false
              },
              {
                "title": "should fail PUT request validation with not numeric id parameter",
                "fullTitle": "rotationentries PUT rotationentry should fail PUT request validation with not numeric id parameter",
                "timedOut": false,
                "duration": 67,
                "state": "passed",
                "speed": "medium",
                "pass": true,
                "fail": false,
                "pending": false,
                "code": "request(app)\n    .put('/api/rotationentries/fake')\n    .send(rotationEntry)\n    .set('Accept', 'application/json')\n    .set('Authorization', `${testAccessToken.token_type} ${testAccessToken.access_token}`)\n    .end((err, res) => {\n        if (err) return done(err);\n        console.log(`should PUT one rotationentry before assertions, response header: ${res.header}`);\n        console.log(`should PUT one rotationentry before assertions, response info: ${res.info}`);\n        console.log(`should PUT one rotationentry before assertions, response body: ${JSON.stringify(res.body)}`);\n        res.should.have.property('status').equal(422);\n        res.body.should.be.instanceof(Array).and.have.lengthOf(1);\n        done();\n    });",
                "err": {},
                "isRoot": false,
                "uuid": "7d9d8ba9-c030-4e61-9ea5-3558051f64f8",
                "isHook": false,
                "skipped": false
              }
            ],
            "suites": [],
            "passes": [
              "c7264710-a7d6-4046-84ef-b08a3f28779b",
              "1473d857-1c92-47b7-a315-3215e1adcc79",
              "7d9d8ba9-c030-4e61-9ea5-3558051f64f8"
            ],
            "failures": [],
            "pending": [],
            "skipped": [],
            "duration": 145,
            "root": false,
            "rootEmpty": false,
            "_timeout": 10000
          },
          {
            "uuid": "2c3d751b-c374-428c-84a5-8e8d1ab9aec4",
            "title": "DELETE rotationentry",
            "fullFile": "/Users/aborskiy/WIT_EntWebDev/RGInvitational_API/test/api/routes/rotationentries.js",
            "file": "/test/api/routes/rotationentries.js",
            "beforeHooks": [],
            "afterHooks": [],
            "tests": [
              {
                "title": "should DELETE one rotationentry",
                "fullTitle": "rotationentries DELETE rotationentry should DELETE one rotationentry",
                "timedOut": false,
                "duration": 73,
                "state": "passed",
                "speed": "medium",
                "pass": true,
                "fail": false,
                "pending": false,
                "code": "request(app)\n    .delete('/api/rotationentries/1')\n    .set('Accept', 'application/json')\n    .set('Authorization', `${testAccessToken.token_type} ${testAccessToken.access_token}`)\n    //.expect('Content-Type', /json/)\n    .end((err, res) => {\n        if (err) return done(err);\n        console.log(`should DELETE one rotationentry before assertions, response header: ${res.header}`);\n        console.log(`should DELETE one rotationentry before assertions, response info: ${res.info}`);\n        console.log(`should DELETE one rotationentry before assertions, response body: ${JSON.stringify(res.body)}`);\n        res.should.have.property('status').equal(200);\n        res.body.should.have.property('rotaId');\n        res.body.rotaId.should.equal(rotationEntry.rotaId);\n        res.body.name.should.equal(rotationEntry.name);\n        done();\n    });",
                "err": {},
                "isRoot": false,
                "uuid": "9fc14b7c-656a-45f7-bf61-f823d898183a",
                "isHook": false,
                "skipped": false
              }
            ],
            "suites": [],
            "passes": [
              "9fc14b7c-656a-45f7-bf61-f823d898183a"
            ],
            "failures": [],
            "pending": [],
            "skipped": [],
            "duration": 73,
            "root": false,
            "rootEmpty": false,
            "_timeout": 10000
          }
        ],
        "passes": [],
        "failures": [],
        "pending": [],
        "skipped": [],
        "duration": 0,
        "root": false,
        "rootEmpty": false,
        "_timeout": 10000
      },
      {
        "uuid": "994cd212-2d45-492a-bde2-45edd049da43",
        "title": "rotationentries bulk",
        "fullFile": "/Users/aborskiy/WIT_EntWebDev/RGInvitational_API/test/api/routes/rotationentries.js",
        "file": "/test/api/routes/rotationentries.js",
        "beforeHooks": [
          {
            "title": "\"before each\" hook",
            "fullTitle": "rotationentries bulk \"before each\" hook",
            "timedOut": false,
            "duration": 0,
            "pass": false,
            "fail": false,
            "pending": false,
            "code": "rotationEntries = [{\n    \"rotaId\": 1,\n    \"participantId\": 908,\n    \"name\": \"Julia B\",\n    \"team\": \"RUS\",\n    \"apparatus\": {\n        \"id\": \"floor\",\n        \"imageurl\": \"images/floor-min-2.png\"\n    },\n    \"score\": {\n        \"id\": \"floor\",\n        \"diff\": 9.3,\n        \"exec\": 9,\n        \"deduct\": 0.1,\n        \"total\": 18.2\n    }\n},\n{\n    \"rotaId\": 2,\n    \"participantId\": 909,\n    \"name\": \"Second T\",\n    \"team\": \"UKR\",\n    \"apparatus\": {\n        \"id\": \"rope\",\n        \"imageurl\": \"images/rope-min-2.png\"\n    },\n    \"score\": {\n        \"id\": \"rope\",\n        \"diff\": 9.3,\n        \"exec\": 9,\n        \"deduct\": 0.1,\n        \"total\": 18.2\n    }\n}];",
            "err": {},
            "isRoot": false,
            "uuid": "a94fbedf-b96d-48a3-a8ba-1afc2743c894",
            "isHook": true,
            "skipped": false
          }
        ],
        "afterHooks": [],
        "tests": [],
        "suites": [
          {
            "uuid": "47518a58-e90f-49a8-99a1-6b40726e1acb",
            "title": "POST rotationentries BULK",
            "fullFile": "/Users/aborskiy/WIT_EntWebDev/RGInvitational_API/test/api/routes/rotationentries.js",
            "file": "/test/api/routes/rotationentries.js",
            "beforeHooks": [],
            "afterHooks": [],
            "tests": [
              {
                "title": "should POST BULK rotationentries",
                "fullTitle": "rotationentries bulk POST rotationentries BULK should POST BULK rotationentries",
                "timedOut": false,
                "duration": 125,
                "state": "passed",
                "speed": "slow",
                "pass": true,
                "fail": false,
                "pending": false,
                "code": "request(app)\n    .post('/api/rotationentries')\n    .send(rotationEntries)\n    .set('Accept', 'application/json')\n    .set('X-Action', 'bulk')\n    .set('Authorization', `${testAccessToken.token_type} ${testAccessToken.access_token}`)\n    //.expect('Content-Type', /json/)\n    //.expect(201)\n    .end((err, res) => {\n        if (err) return done(err);\n        // HTTP status should be 201\n        console.log(`should POST one rotationentry before assertions, response header: ${res.header}`);\n        console.log(`should POST one rotationentry before assertions, response info: ${res.info}`);\n        console.log(`should POST one rotationentry before assertions, response body: ${JSON.stringify(res.body)}`);\n        res.should.have.property('status').equal(201);\n        //res.body.should.have.property('rotaId');\n        //res.body.name.should.equal(rotationEntry.name);\n        done();\n    });",
                "err": {},
                "isRoot": false,
                "uuid": "57d707da-7337-4899-a195-064ca4d15568",
                "isHook": false,
                "skipped": false
              }
            ],
            "suites": [],
            "passes": [
              "57d707da-7337-4899-a195-064ca4d15568"
            ],
            "failures": [],
            "pending": [],
            "skipped": [],
            "duration": 125,
            "root": false,
            "rootEmpty": false,
            "_timeout": 10000
          },
          {
            "uuid": "21bc6de8-7fdc-4233-bc01-4dc0c2b1495f",
            "title": "DELETE rotationentries BULK",
            "fullFile": "/Users/aborskiy/WIT_EntWebDev/RGInvitational_API/test/api/routes/rotationentries.js",
            "file": "/test/api/routes/rotationentries.js",
            "beforeHooks": [],
            "afterHooks": [],
            "tests": [
              {
                "title": "should DELETE BULK rotationentries",
                "fullTitle": "rotationentries bulk DELETE rotationentries BULK should DELETE BULK rotationentries",
                "timedOut": false,
                "duration": 32,
                "state": "passed",
                "speed": "fast",
                "pass": true,
                "fail": false,
                "pending": false,
                "code": "request(app)\n    .delete('/api/rotationentries')\n    .send(rotationEntries)\n    .set('Accept', 'application/json')\n    .set('X-Action', 'bulk')\n    .set('Authorization', `${testAccessToken.token_type} ${testAccessToken.access_token}`)\n    .end((err, res) => {\n        if (err) return done(err);\n        // HTTP status should be 200\n        console.log(`in end after should DELETE BULK rotationentries`);\n        //console.log(`should POST one rotationentry before assertions, response header: ${res.header}`);\n        //console.log(`should POST one rotationentry before assertions, response info: ${res.info}`);\n        //console.log(`should POST one rotationentry before assertions, response body: ${JSON.stringify(res.body)}`);\n        res.should.have.property('status').equal(200);\n        done();\n    });",
                "err": {},
                "isRoot": false,
                "uuid": "513f9080-55a3-4313-b4a0-9df0093e367f",
                "isHook": false,
                "skipped": false
              }
            ],
            "suites": [],
            "passes": [
              "513f9080-55a3-4313-b4a0-9df0093e367f"
            ],
            "failures": [],
            "pending": [],
            "skipped": [],
            "duration": 32,
            "root": false,
            "rootEmpty": false,
            "_timeout": 10000
          }
        ],
        "passes": [],
        "failures": [],
        "pending": [],
        "skipped": [],
        "duration": 0,
        "root": false,
        "rootEmpty": false,
        "_timeout": 10000
      }
    ],
    "passes": [],
    "failures": [],
    "pending": [],
    "skipped": [],
    "duration": 0,
    "root": true,
    "rootEmpty": true,
    "_timeout": 10000
  },
  "copyrightYear": 2019
}