{
  "stats": {
    "suites": 8,
    "tests": 10,
    "passes": 10,
    "pending": 0,
    "failures": 0,
    "start": "2019-04-28T18:54:49.848Z",
    "end": "2019-04-28T18:54:52.430Z",
    "duration": 2582,
    "testsRegistered": 10,
    "passPercent": 100,
    "pendingPercent": 0,
    "other": 0,
    "hasOther": false,
    "skipped": 0,
    "hasSkipped": false,
    "passPercentClass": "success",
    "pendingPercentClass": "danger"
  },
  "suites": {
    "uuid": "448a5918-a152-463d-86a5-a853afd8c013",
    "title": "",
    "fullFile": "",
    "file": "",
    "beforeHooks": [],
    "afterHooks": [],
    "tests": [],
    "suites": [
      {
        "uuid": "057d7dbd-d227-48f7-aa22-3b66d54d97a6",
        "title": "rotationentries",
        "fullFile": "/Users/aborskiy/WIT_EntWebDev/RGInvitational_API/test/api/routes/rotationentries.js",
        "file": "/test/api/routes/rotationentries.js",
        "beforeHooks": [
          {
            "title": "\"before all\" hook",
            "fullTitle": "rotationentries \"before all\" hook",
            "timedOut": false,
            "duration": 1348,
            "pass": false,
            "fail": false,
            "pending": false,
            "code": "try {\n    console.log(`test rotationentries before starts`);\n    await requestTestAccessToken.getTestToken(callback);\n    await seed();\n    //console.log(`testaccesstoken: ${testAccessToken.token_type} ${testAccessToken.access_token}`);\n    console.log(`test rotationentries before ends`);\n}\ncatch (e) {\n    console.log(`test rotationentries before exception is caught: ${e} `);\n}",
            "err": {},
            "isRoot": false,
            "uuid": "c1cfd227-61c1-4916-8107-aa805d861eeb",
            "isHook": true,
            "skipped": false
          },
          {
            "title": "\"before each\" hook",
            "fullTitle": "rotationentries \"before each\" hook",
            "timedOut": false,
            "duration": 0,
            "pass": false,
            "fail": false,
            "pending": false,
            "code": "rotationEntry = {\n    \"rotaId\": 1,\n    \"participantId\": 908,\n    \"name\": \"Julia B\",\n    \"team\": \"RUS\",\n    \"apparatus\": {\n        \"id\": \"floor\",\n        \"imageurl\": \"images/floor-min-2.png\"\n    },\n    \"score\": {\n        \"id\": \"floor\",\n        \"diff\": 9.3,\n        \"exec\": 9,\n        \"deduct\": 0.1,\n        \"total\": 18.2\n    }\n};\ninvalidRotationEntry = {\n    \"rotaId\": 1,\n    \"participantId\": 908,\n    \"team\": \"RUS\",\n    \"apparatus\": {\n        \"id\": \"dummy\",\n        \"imageurl\": \"images/floor-min-2.png\"\n    },\n    \"score\": {\n        \"id\": \"floor\",\n        \"diff\": 9.3,\n        \"exec\": 9,\n        \"deduct\": 0.1,\n        \"total\": 18.2\n    }\n};",
            "err": {},
            "isRoot": false,
            "uuid": "a521fea7-8d18-47b3-b7c1-c3e34d2e210d",
            "isHook": true,
            "skipped": false
          }
        ],
        "afterHooks": [],
        "tests": [],
        "suites": [
          {
            "uuid": "eacc335e-7a5f-4370-bb65-98f07152ccef",
            "title": "GET rotationentries",
            "fullFile": "/Users/aborskiy/WIT_EntWebDev/RGInvitational_API/test/api/routes/rotationentries.js",
            "file": "/test/api/routes/rotationentries.js",
            "beforeHooks": [],
            "afterHooks": [],
            "tests": [
              {
                "title": "should get all rotationentries",
                "fullTitle": "rotationentries GET rotationentries should get all rotationentries",
                "timedOut": false,
                "duration": 266,
                "state": "passed",
                "speed": "slow",
                "pass": true,
                "fail": false,
                "pending": false,
                "code": "request(app)\n    .get('/api/rotationentries')\n    //.expect(200)\n    .then(res => {\n        console.log(`GET rotationentries test is before assertions response body: ${JSON.stringify(res.body)}`);\n        // HTTP status should be 200\n        res.should.have.property('status').equal(200);\n        res.body.length.should.be.above(0);\n        //res.body.length.should.be.above(0);\n        console.log(`GET rotationentries test is completed response body: ${JSON.stringify(res.body)}`);\n        done();\n    });;",
                "err": {},
                "isRoot": false,
                "uuid": "3533e06c-60ca-41d0-86d2-07bd51027337",
                "isHook": false,
                "skipped": false
              }
            ],
            "suites": [],
            "passes": [
              "3533e06c-60ca-41d0-86d2-07bd51027337"
            ],
            "failures": [],
            "pending": [],
            "skipped": [],
            "duration": 266,
            "root": false,
            "rootEmpty": false,
            "_timeout": 10000
          },
          {
            "uuid": "399643e1-20a6-4c08-96d0-2fd7982205d5",
            "title": "POST rotationentries",
            "fullFile": "/Users/aborskiy/WIT_EntWebDev/RGInvitational_API/test/api/routes/rotationentries.js",
            "file": "/test/api/routes/rotationentries.js",
            "beforeHooks": [],
            "afterHooks": [],
            "tests": [
              {
                "title": "should fail with 401 UnauthorizedError when POSTing rotation entry",
                "fullTitle": "rotationentries POST rotationentries should fail with 401 UnauthorizedError when POSTing rotation entry",
                "timedOut": false,
                "duration": 552,
                "state": "passed",
                "speed": "slow",
                "pass": true,
                "fail": false,
                "pending": false,
                "code": "request(app)\n    .post('/api/rotationentries')\n    .send(rotationEntry)\n    .set('Accept', 'application/json')\n    .set('Authorization', 'Bearer eyJ0eXAiOiJKV1QiLCJhbGciOiJSUzI1NiIsImtpZCI6Ik1qWTFNVUkzTkVFMU16YzJNMFl6TURkRE1rUkNPREk1UkVKR00wSkNPVGN5TmpSR00wUkdPUSJ9.eyJpc3MiOiJodHRwczovL2Fib3Jza2l5LmF1dGgwLmNvbS8iLCJzdWIiOiJCWnI0V3pBTTZWbzBLSFY2YnlObDZZYlZqNVlXTTF5a0BjbGllbnRzIiwiYXVkIjoiaHR0cHM6Ly9hYm9yc2tpeS5hdXRoMC5jb20vYXBpL3YyLyIsImlhdCI6MTU1NDk0OTM5OCwiZXhwIjoxNTU1MDM1Nzk4LCJhenAiOiJCWnI0V3pBTTZWbzBLSFY2YnlObDZZYlZqNVlXTTF5ayIsImd0eSI6ImNsaWVudC1jcmVkZW50aWFscyJ9.fvhiPoafkCYU_aEaQH1D7PJFVzNc7A3bVCyhrx_qjWUEnhHwBYll8hKWiU1A5xLV_8xktGtBJ1BFxeOrKdXJssjbSCHodShOxRzqbORDGE_Eppds1yS4WSH4ecwZ0YMovnPT_j99iP0Zcw9VB9MrMmxZLHkqtbl2ObPXvwb53eJ9Tps_Il-fwSUfV-aGyO7qqRPE5k3Qk75Q9s9RelXU9xNtpdnnrK9q2mqTaXlpVlQPsg_wbaNqBpgh9RDE9smXIsQE5NH79EbZZg4YAlVOAnSzW5R1V1K-pxSXvKjUaq6asGCIqA1Q4HgYImfj-N_4J6dHffLNMgIpnXm3EYaXkg')\n    .end((err, res) => {\n        if (err) return done(err);\n        // HTTP status should be 401\n        console.log(`should POST one rotationentry before assertions, response header: ${res.header}`);\n        console.log(`should POST one rotationentry before assertions, response info: ${res.info}`);\n        console.log(`should POST one rotationentry before assertions, response body: ${JSON.stringify(res.body)}`);\n        res.should.have.property('status').equal(401);\n        res.body.should.equal('UnauthorizedError');\n        done();\n    });",
                "err": {},
                "isRoot": false,
                "uuid": "cab7f7ca-459f-4538-964b-8ead6a5485b4",
                "isHook": false,
                "skipped": false
              },
              {
                "title": "should fail validation before POSTing rotationentries with 'apparatus id is invalid' error",
                "fullTitle": "rotationentries POST rotationentries should fail validation before POSTing rotationentries with 'apparatus id is invalid' error",
                "timedOut": false,
                "duration": 34,
                "state": "passed",
                "speed": "fast",
                "pass": true,
                "fail": false,
                "pending": false,
                "code": "request(app)\n    .post('/api/rotationentries')\n    .send(invalidRotationEntry)\n    .set('Accept', 'application/json')\n    .set('Authorization', `${testAccessToken.token_type} ${testAccessToken.access_token}`)\n    //.expect('Content-Type', /json/)\n    //.expect(201)\n    .end((err, res) => {\n        if (err) return done(err);\n        // HTTP status should be 201\n        console.log(`should POST one rotationentry before assertions, response header: ${res.header}`);\n        console.log(`should POST one rotationentry before assertions, response info: ${res.info}`);\n        console.log(`should POST one rotationentry before assertions, response body: ${JSON.stringify(res.body)}`);\n        res.should.have.property('status').equal(422);\n        res.body.length.should.be.above(0);\n        res.body[0].msg.should.equal('name does not exist');\n        res.body[1].msg.should.equal('apparatus id is invalid, should be floor, hoop, rope, ribbon');\n        done();\n    });",
                "err": {},
                "isRoot": false,
                "uuid": "470aeba4-83fa-496c-8d5f-c8171599bb13",
                "isHook": false,
                "skipped": false
              },
              {
                "title": "should POST one rotationentry",
                "fullTitle": "rotationentries POST rotationentries should POST one rotationentry",
                "timedOut": false,
                "duration": 32,
                "state": "passed",
                "speed": "fast",
                "pass": true,
                "fail": false,
                "pending": false,
                "code": "request(app)\n    .post('/api/rotationentries')\n    .send(rotationEntry)\n    .set('Accept', 'application/json')\n    .set('Authorization', `${testAccessToken.token_type} ${testAccessToken.access_token}`)\n    //.expect('Content-Type', /json/)\n    //.expect(201)\n    .end((err, res) => {\n        if (err) return done(err);\n        // HTTP status should be 201\n        console.log(`should POST one rotationentry before assertions, response header: ${res.header}`);\n        console.log(`should POST one rotationentry before assertions, response info: ${res.info}`);\n        console.log(`should POST one rotationentry before assertions, response body: ${JSON.stringify(res.body)}`);\n        res.should.have.property('status').equal(201);\n        res.body.should.have.property('rotaId');\n        res.body.name.should.equal(rotationEntry.name);\n        done();\n    });",
                "err": {},
                "isRoot": false,
                "uuid": "3c6ca18b-1f14-415a-8f3f-b5bca4830b06",
                "isHook": false,
                "skipped": false
              }
            ],
            "suites": [],
            "passes": [
              "cab7f7ca-459f-4538-964b-8ead6a5485b4",
              "470aeba4-83fa-496c-8d5f-c8171599bb13",
              "3c6ca18b-1f14-415a-8f3f-b5bca4830b06"
            ],
            "failures": [],
            "pending": [],
            "skipped": [],
            "duration": 618,
            "root": false,
            "rootEmpty": false,
            "_timeout": 10000
          },
          {
            "uuid": "63d5ceda-8a31-4a3b-a4de-f87ac8b69b27",
            "title": "PUT rotationentry",
            "fullFile": "/Users/aborskiy/WIT_EntWebDev/RGInvitational_API/test/api/routes/rotationentries.js",
            "file": "/test/api/routes/rotationentries.js",
            "beforeHooks": [],
            "afterHooks": [],
            "tests": [
              {
                "title": "should PUT one rotationentry",
                "fullTitle": "rotationentries PUT rotationentry should PUT one rotationentry",
                "timedOut": false,
                "duration": 97,
                "state": "passed",
                "speed": "slow",
                "pass": true,
                "fail": false,
                "pending": false,
                "code": "request(app)\n    .put('/api/rotationentries/1')\n    .send(rotationEntry)\n    .set('Accept', 'application/json')\n    .set('Authorization', `${testAccessToken.token_type} ${testAccessToken.access_token}`)\n    //.expect('Content-Type', /json/)\n    .end((err, res) => {\n        if (err) return done(err);\n        console.log(`should PUT one rotationentry before assertions, response header: ${res.header}`);\n        console.log(`should PUT one rotationentry before assertions, response info: ${res.info}`);\n        console.log(`should PUT one rotationentry before assertions, response body: ${JSON.stringify(res.body)}`);\n        res.should.have.property('status').equal(200);\n        res.body.should.have.property('rotaId');\n        res.body.rotaId.should.equal(rotationEntry.rotaId);\n        res.body.name.should.equal(rotationEntry.name);\n        done();\n    });",
                "err": {},
                "isRoot": false,
                "uuid": "f357297f-ad91-4ebe-99de-6ff307cf9882",
                "isHook": false,
                "skipped": false
              },
              {
                "title": "should fail finding PUT request without param id with 404",
                "fullTitle": "rotationentries PUT rotationentry should fail finding PUT request without param id with 404",
                "timedOut": false,
                "duration": 39,
                "state": "passed",
                "speed": "medium",
                "pass": true,
                "fail": false,
                "pending": false,
                "code": "request(app)\n    .put('/api/rotationentries/0102039848')\n    .send(rotationEntry)\n    .set('Accept', 'application/json')\n    .set('Authorization', `${testAccessToken.token_type} ${testAccessToken.access_token}`)\n    .end((err, res) => {\n        if (err) return done(err);\n        console.log(`should PUT one rotationentry before assertions, response header: ${res.header}`);\n        console.log(`should PUT one rotationentry before assertions, response info: ${res.info}`);\n        console.log(`should PUT one rotationentry before assertions, response body: ${JSON.stringify(res.body)}`);\n        res.should.have.property('status').equal(404);\n        done();\n    });",
                "err": {},
                "isRoot": false,
                "uuid": "f73a5841-d4cf-44b6-b4cb-9bf948ab07a7",
                "isHook": false,
                "skipped": false
              },
              {
                "title": "should fail PUT request validation with not numeric id parameter",
                "fullTitle": "rotationentries PUT rotationentry should fail PUT request validation with not numeric id parameter",
                "timedOut": false,
                "duration": 12,
                "state": "passed",
                "speed": "fast",
                "pass": true,
                "fail": false,
                "pending": false,
                "code": "request(app)\n    .put('/api/rotationentries/fake')\n    .send(rotationEntry)\n    .set('Accept', 'application/json')\n    .set('Authorization', `${testAccessToken.token_type} ${testAccessToken.access_token}`)\n    .end((err, res) => {\n        if (err) return done(err);\n        console.log(`should PUT one rotationentry before assertions, response header: ${res.header}`);\n        console.log(`should PUT one rotationentry before assertions, response info: ${res.info}`);\n        console.log(`should PUT one rotationentry before assertions, response body: ${JSON.stringify(res.body)}`);\n        res.should.have.property('status').equal(422);\n        res.body.should.be.instanceof(Array).and.have.lengthOf(1);\n        done();\n    });",
                "err": {},
                "isRoot": false,
                "uuid": "b8dc6a1a-8b71-4a6f-b21c-295d20b4f669",
                "isHook": false,
                "skipped": false
              }
            ],
            "suites": [],
            "passes": [
              "f357297f-ad91-4ebe-99de-6ff307cf9882",
              "f73a5841-d4cf-44b6-b4cb-9bf948ab07a7",
              "b8dc6a1a-8b71-4a6f-b21c-295d20b4f669"
            ],
            "failures": [],
            "pending": [],
            "skipped": [],
            "duration": 148,
            "root": false,
            "rootEmpty": false,
            "_timeout": 10000
          },
          {
            "uuid": "9f6e0aa3-23c6-40a4-bb8e-e93d161ff414",
            "title": "DELETE rotationentry",
            "fullFile": "/Users/aborskiy/WIT_EntWebDev/RGInvitational_API/test/api/routes/rotationentries.js",
            "file": "/test/api/routes/rotationentries.js",
            "beforeHooks": [],
            "afterHooks": [],
            "tests": [
              {
                "title": "should DELETE one rotationentry",
                "fullTitle": "rotationentries DELETE rotationentry should DELETE one rotationentry",
                "timedOut": false,
                "duration": 36,
                "state": "passed",
                "speed": "fast",
                "pass": true,
                "fail": false,
                "pending": false,
                "code": "request(app)\n    .delete('/api/rotationentries/1')\n    .set('Accept', 'application/json')\n    .set('Authorization', `${testAccessToken.token_type} ${testAccessToken.access_token}`)\n    //.expect('Content-Type', /json/)\n    .end((err, res) => {\n        if (err) return done(err);\n        console.log(`should DELETE one rotationentry before assertions, response header: ${res.header}`);\n        console.log(`should DELETE one rotationentry before assertions, response info: ${res.info}`);\n        console.log(`should DELETE one rotationentry before assertions, response body: ${JSON.stringify(res.body)}`);\n        res.should.have.property('status').equal(200);\n        res.body.should.have.property('rotaId');\n        res.body.rotaId.should.equal(rotationEntry.rotaId);\n        res.body.name.should.equal(rotationEntry.name);\n        done();\n    });",
                "err": {},
                "isRoot": false,
                "uuid": "0fe2e199-9d98-49a5-9fc9-5557d270a292",
                "isHook": false,
                "skipped": false
              }
            ],
            "suites": [],
            "passes": [
              "0fe2e199-9d98-49a5-9fc9-5557d270a292"
            ],
            "failures": [],
            "pending": [],
            "skipped": [],
            "duration": 36,
            "root": false,
            "rootEmpty": false,
            "_timeout": 10000
          }
        ],
        "passes": [],
        "failures": [],
        "pending": [],
        "skipped": [],
        "duration": 0,
        "root": false,
        "rootEmpty": false,
        "_timeout": 10000
      },
      {
        "uuid": "d9a7a53c-e347-4587-b84f-29f72cb09cd1",
        "title": "rotationentries bulk",
        "fullFile": "/Users/aborskiy/WIT_EntWebDev/RGInvitational_API/test/api/routes/rotationentries.js",
        "file": "/test/api/routes/rotationentries.js",
        "beforeHooks": [
          {
            "title": "\"before each\" hook",
            "fullTitle": "rotationentries bulk \"before each\" hook",
            "timedOut": false,
            "duration": 0,
            "pass": false,
            "fail": false,
            "pending": false,
            "code": "rotationEntries = [{\n    \"rotaId\": 1,\n    \"participantId\": 908,\n    \"name\": \"Julia B\",\n    \"team\": \"RUS\",\n    \"apparatus\": {\n        \"id\": \"floor\",\n        \"imageurl\": \"images/floor-min-2.png\"\n    },\n    \"score\": {\n        \"id\": \"floor\",\n        \"diff\": 9.3,\n        \"exec\": 9,\n        \"deduct\": 0.1,\n        \"total\": 18.2\n    }\n},\n{\n    \"rotaId\": 2,\n    \"participantId\": 909,\n    \"name\": \"Second T\",\n    \"team\": \"UKR\",\n    \"apparatus\": {\n        \"id\": \"rope\",\n        \"imageurl\": \"images/rope-min-2.png\"\n    },\n    \"score\": {\n        \"id\": \"rope\",\n        \"diff\": 9.3,\n        \"exec\": 9,\n        \"deduct\": 0.1,\n        \"total\": 18.2\n    }\n}];",
            "err": {},
            "isRoot": false,
            "uuid": "b082b7df-1921-46ef-a9f4-21d716cd3794",
            "isHook": true,
            "skipped": false
          }
        ],
        "afterHooks": [],
        "tests": [],
        "suites": [
          {
            "uuid": "786438a7-7c03-4ec4-8aca-45b9a9992a0b",
            "title": "POST rotationentries BULK",
            "fullFile": "/Users/aborskiy/WIT_EntWebDev/RGInvitational_API/test/api/routes/rotationentries.js",
            "file": "/test/api/routes/rotationentries.js",
            "beforeHooks": [],
            "afterHooks": [],
            "tests": [
              {
                "title": "should POST BULK rotationentries",
                "fullTitle": "rotationentries bulk POST rotationentries BULK should POST BULK rotationentries",
                "timedOut": false,
                "duration": 65,
                "state": "passed",
                "speed": "medium",
                "pass": true,
                "fail": false,
                "pending": false,
                "code": "request(app)\n    .post('/api/rotationentries')\n    .send(rotationEntries)\n    .set('Accept', 'application/json')\n    .set('X-Action', 'bulk')\n    .set('Authorization', `${testAccessToken.token_type} ${testAccessToken.access_token}`)\n    //.expect('Content-Type', /json/)\n    //.expect(201)\n    .end((err, res) => {\n        if (err) return done(err);\n        // HTTP status should be 201\n        console.log(`should POST one rotationentry before assertions, response header: ${res.header}`);\n        console.log(`should POST one rotationentry before assertions, response info: ${res.info}`);\n        console.log(`should POST one rotationentry before assertions, response body: ${JSON.stringify(res.body)}`);\n        res.should.have.property('status').equal(201);\n        //res.body.should.have.property('rotaId');\n        //res.body.name.should.equal(rotationEntry.name);\n        done();\n    });",
                "err": {},
                "isRoot": false,
                "uuid": "3a52b37b-1ac3-40e9-a0ba-3cbdd57d81df",
                "isHook": false,
                "skipped": false
              }
            ],
            "suites": [],
            "passes": [
              "3a52b37b-1ac3-40e9-a0ba-3cbdd57d81df"
            ],
            "failures": [],
            "pending": [],
            "skipped": [],
            "duration": 65,
            "root": false,
            "rootEmpty": false,
            "_timeout": 10000
          },
          {
            "uuid": "98fde7fe-acf9-42b0-b9ab-a61e72efe6d6",
            "title": "DELETE rotationentries BULK",
            "fullFile": "/Users/aborskiy/WIT_EntWebDev/RGInvitational_API/test/api/routes/rotationentries.js",
            "file": "/test/api/routes/rotationentries.js",
            "beforeHooks": [],
            "afterHooks": [],
            "tests": [
              {
                "title": "should DELETE BULK rotationentries",
                "fullTitle": "rotationentries bulk DELETE rotationentries BULK should DELETE BULK rotationentries",
                "timedOut": false,
                "duration": 15,
                "state": "passed",
                "speed": "fast",
                "pass": true,
                "fail": false,
                "pending": false,
                "code": "request(app)\n    .delete('/api/rotationentries')\n    .send(rotationEntries)\n    .set('Accept', 'application/json')\n    .set('X-Action', 'bulk')\n    .set('Authorization', `${testAccessToken.token_type} ${testAccessToken.access_token}`)\n    .end((err, res) => {\n        if (err) return done(err);\n        // HTTP status should be 200\n        console.log(`in end after should DELETE BULK rotationentries`);\n        //console.log(`should POST one rotationentry before assertions, response header: ${res.header}`);\n        //console.log(`should POST one rotationentry before assertions, response info: ${res.info}`);\n        //console.log(`should POST one rotationentry before assertions, response body: ${JSON.stringify(res.body)}`);\n        res.should.have.property('status').equal(200);\n        done();\n    });",
                "err": {},
                "isRoot": false,
                "uuid": "75be7abd-b87d-4344-a025-59e32bb55b6c",
                "isHook": false,
                "skipped": false
              }
            ],
            "suites": [],
            "passes": [
              "75be7abd-b87d-4344-a025-59e32bb55b6c"
            ],
            "failures": [],
            "pending": [],
            "skipped": [],
            "duration": 15,
            "root": false,
            "rootEmpty": false,
            "_timeout": 10000
          }
        ],
        "passes": [],
        "failures": [],
        "pending": [],
        "skipped": [],
        "duration": 0,
        "root": false,
        "rootEmpty": false,
        "_timeout": 10000
      }
    ],
    "passes": [],
    "failures": [],
    "pending": [],
    "skipped": [],
    "duration": 0,
    "root": true,
    "rootEmpty": true,
    "_timeout": 10000
  },
  "copyrightYear": 2019
}