{
  "stats": {
    "suites": 5,
    "tests": 8,
    "passes": 8,
    "pending": 0,
    "failures": 0,
    "start": "2019-04-28T18:55:00.034Z",
    "end": "2019-04-28T18:55:01.691Z",
    "duration": 1657,
    "testsRegistered": 8,
    "passPercent": 100,
    "pendingPercent": 0,
    "other": 0,
    "hasOther": false,
    "skipped": 0,
    "hasSkipped": false,
    "passPercentClass": "success",
    "pendingPercentClass": "danger"
  },
  "suites": {
    "uuid": "2090ffe9-c32e-484e-8119-3970f3805fd6",
    "title": "",
    "fullFile": "",
    "file": "",
    "beforeHooks": [],
    "afterHooks": [],
    "tests": [],
    "suites": [
      {
        "uuid": "f7609970-1ac1-4887-a65f-cea28c8bb4cc",
        "title": "rotationsession",
        "fullFile": "/Users/aborskiy/WIT_EntWebDev/RGInvitational_API/test/api/routes/rotationsession.js",
        "file": "/test/api/routes/rotationsession.js",
        "beforeHooks": [
          {
            "title": "\"before all\" hook",
            "fullTitle": "rotationsession \"before all\" hook",
            "timedOut": false,
            "duration": 13,
            "pass": false,
            "fail": false,
            "pending": false,
            "code": "try {\n    console.log(`test rotationsession before starts`);\n    await requestTestAccessToken.getTestToken(callback);\n    console.log(`test rotationsession before ends`);\n}\ncatch (e) {\n    console.log(`test rotationsession before exception is caught: ${e} `);\n}",
            "err": {},
            "isRoot": false,
            "uuid": "5cebb4c8-4851-46d2-b004-8e1b6206e1a6",
            "isHook": true,
            "skipped": false
          },
          {
            "title": "\"before each\" hook",
            "fullTitle": "rotationsession \"before each\" hook",
            "timedOut": false,
            "duration": 1,
            "pass": false,
            "fail": false,
            "pending": false,
            "code": "rotationSession = {\n    \"onFloorParticipantId\": 3,\n    \"scoreParticipantId\": 1\n};\nrotationSessionMissingParms = {\n};",
            "err": {},
            "isRoot": false,
            "uuid": "d8edc751-7a85-47bb-9b84-10b562f0d7e4",
            "isHook": true,
            "skipped": false
          }
        ],
        "afterHooks": [],
        "tests": [],
        "suites": [
          {
            "uuid": "5b813100-aec7-4efb-beb8-14964b265d2f",
            "title": "POST rotationsession",
            "fullFile": "/Users/aborskiy/WIT_EntWebDev/RGInvitational_API/test/api/routes/rotationsession.js",
            "file": "/test/api/routes/rotationsession.js",
            "beforeHooks": [],
            "afterHooks": [],
            "tests": [
              {
                "title": "should fail with 401 UnauthorizedError when POSTing rotation entry",
                "fullTitle": "rotationsession POST rotationsession should fail with 401 UnauthorizedError when POSTing rotation entry",
                "timedOut": false,
                "duration": 566,
                "state": "passed",
                "speed": "slow",
                "pass": true,
                "fail": false,
                "pending": false,
                "code": "request(app)\n    .post('/api/rotationsession')\n    .send(rotationSession)\n    .set('Accept', 'application/json')\n    .set('Authorization', 'Bearer eyJ0eXAiOiJKV1QiLCJhbGciOiJSUzI1NiIsImtpZCI6Ik1qWTFNVUkzTkVFMU16YzJNMFl6TURkRE1rUkNPREk1UkVKR00wSkNPVGN5TmpSR00wUkdPUSJ9.eyJpc3MiOiJodHRwczovL2Fib3Jza2l5LmF1dGgwLmNvbS8iLCJzdWIiOiJCWnI0V3pBTTZWbzBLSFY2YnlObDZZYlZqNVlXTTF5a0BjbGllbnRzIiwiYXVkIjoiaHR0cHM6Ly9hYm9yc2tpeS5hdXRoMC5jb20vYXBpL3YyLyIsImlhdCI6MTU1NDk0OTM5OCwiZXhwIjoxNTU1MDM1Nzk4LCJhenAiOiJCWnI0V3pBTTZWbzBLSFY2YnlObDZZYlZqNVlXTTF5ayIsImd0eSI6ImNsaWVudC1jcmVkZW50aWFscyJ9.fvhiPoafkCYU_aEaQH1D7PJFVzNc7A3bVCyhrx_qjWUEnhHwBYll8hKWiU1A5xLV_8xktGtBJ1BFxeOrKdXJssjbSCHodShOxRzqbORDGE_Eppds1yS4WSH4ecwZ0YMovnPT_j99iP0Zcw9VB9MrMmxZLHkqtbl2ObPXvwb53eJ9Tps_Il-fwSUfV-aGyO7qqRPE5k3Qk75Q9s9RelXU9xNtpdnnrK9q2mqTaXlpVlQPsg_wbaNqBpgh9RDE9smXIsQE5NH79EbZZg4YAlVOAnSzW5R1V1K-pxSXvKjUaq6asGCIqA1Q4HgYImfj-N_4J6dHffLNMgIpnXm3EYaXkg')\n    .end((err, res) => {\n        if (err) return done(err);\n        // HTTP status should be 401\n        console.log(`should POST one rotationSession before assertions, response header: ${res.header}`);\n        console.log(`should POST one rotationSession before assertions, response info: ${res.info}`);\n        console.log(`should POST one rotationSession before assertions, response body: ${JSON.stringify(res.body)}`);\n        res.should.have.property('status').equal(401);\n        res.body.should.equal('UnauthorizedError');\n        done();\n    });",
                "err": {},
                "isRoot": false,
                "uuid": "73e5460a-c232-4946-af9d-571cbbdc1531",
                "isHook": false,
                "skipped": false
              },
              {
                "title": "should fail validation before POSTing rotationsession - missing parameters",
                "fullTitle": "rotationsession POST rotationsession should fail validation before POSTing rotationsession - missing parameters",
                "timedOut": false,
                "duration": 33,
                "state": "passed",
                "speed": "fast",
                "pass": true,
                "fail": false,
                "pending": false,
                "code": "console.log(`about to send post request to /api/rotationsession with rotationSessionMissingParms `);\nrequest(app)\n    .post('/api/rotationsession')\n    .send(rotationSessionMissingParms)\n    .set('Accept', 'application/json')\n    .set('Authorization', `${testAccessToken.token_type} ${testAccessToken.access_token}`)\n    //.expect('Content-Type', /json/)\n    //.expect(201)\n    .end((err, res) => {\n        if (err) return done(err);\n        // HTTP status should be 201\n        console.log(`should POST one rotationSession before assertions, response header: ${res.header}`);\n        console.log(`should POST one rotationSession before assertions, response info: ${res.info}`);\n        console.log(`should POST one rotationSession before assertions, response body: ${JSON.stringify(res.body)}`);\n        res.should.have.property('status').equal(422);\n        res.body.length.should.be.above(0);\n        res.body[0].msg.should.equal('onFloorParticipantId does not exist');\n        res.body[1].msg.should.equal('scoreParticipantId does not exist');\n        done();\n    });",
                "err": {},
                "isRoot": false,
                "uuid": "1c909bc2-271c-4d72-969f-965d06f16b13",
                "isHook": false,
                "skipped": false
              },
              {
                "title": "should POST one rotationSession",
                "fullTitle": "rotationsession POST rotationsession should POST one rotationSession",
                "timedOut": false,
                "duration": 739,
                "state": "passed",
                "speed": "slow",
                "pass": true,
                "fail": false,
                "pending": false,
                "code": "request(app)\n    .post('/api/rotationsession')\n    .send(rotationSession)\n    .set('Accept', 'application/json')\n    .set('Authorization', `${testAccessToken.token_type} ${testAccessToken.access_token}`)\n    //.expect('Content-Type', /json/)\n    //.expect(201)\n    .end((err, res) => {\n        if (err) return done(err);\n        // HTTP status should be 201\n        console.log(`should POST one rotationSession before assertions, response header: ${res.header}`);\n        console.log(`should POST one rotationSession before assertions, response info: ${res.info}`);\n        console.log(`should POST one rotationSession before assertions, response body: ${JSON.stringify(res.body)}`);\n        res.should.have.property('status').equal(201);\n        res.body.should.have.property('onFloorParticipantId');\n        res.body.should.have.property('scoreParticipantId');\n        res.body.onFloorParticipantId.should.equal(rotationSession.onFloorParticipantId);\n        res.body.scoreParticipantId.should.equal(rotationSession.scoreParticipantId);\n        sessionId = res.body._id;\n        console.log(`sessionId is assigned after POSt: ${sessionId}` );\n        done();\n    });",
                "err": {},
                "isRoot": false,
                "uuid": "a669fccc-070e-4d42-b893-be8b4097956b",
                "isHook": false,
                "skipped": false
              }
            ],
            "suites": [],
            "passes": [
              "73e5460a-c232-4946-af9d-571cbbdc1531",
              "1c909bc2-271c-4d72-969f-965d06f16b13",
              "a669fccc-070e-4d42-b893-be8b4097956b"
            ],
            "failures": [],
            "pending": [],
            "skipped": [],
            "duration": 1338,
            "root": false,
            "rootEmpty": false,
            "_timeout": 10000
          },
          {
            "uuid": "31826e74-c659-4045-b0af-659e55bcb361",
            "title": "GET rotationsession",
            "fullFile": "/Users/aborskiy/WIT_EntWebDev/RGInvitational_API/test/api/routes/rotationsession.js",
            "file": "/test/api/routes/rotationsession.js",
            "beforeHooks": [],
            "afterHooks": [],
            "tests": [
              {
                "title": "should get rotationsession",
                "fullTitle": "rotationsession GET rotationsession should get rotationsession",
                "timedOut": false,
                "duration": 53,
                "state": "passed",
                "speed": "medium",
                "pass": true,
                "fail": false,
                "pending": false,
                "code": "request(app)\n    .get('/api/rotationsession')\n    //.expect(200)\n    .end((err, res) => {\n        console.log(`GET rotationsession test is before assertions response body: ${JSON.stringify(res.body)}`);\n        if (err) return done(err);\n        // HTTP status should be 200\n        res.should.have.property('status').equal(200);\n        res.body.length.should.be.above(0);\n        //res.body.length.should.be.above(0);\n        console.log(`GET rotationsession test is completed response body: ${JSON.stringify(res.body)}`);\n        done();\n    });;",
                "err": {},
                "isRoot": false,
                "uuid": "0ac3cb4f-3c6c-4d44-aecd-8c4c8bb8d4aa",
                "isHook": false,
                "skipped": false
              }
            ],
            "suites": [],
            "passes": [
              "0ac3cb4f-3c6c-4d44-aecd-8c4c8bb8d4aa"
            ],
            "failures": [],
            "pending": [],
            "skipped": [],
            "duration": 53,
            "root": false,
            "rootEmpty": false,
            "_timeout": 10000
          },
          {
            "uuid": "183a5aba-7563-42a6-9f16-9e3c86db4947",
            "title": "PUT rotationSession",
            "fullFile": "/Users/aborskiy/WIT_EntWebDev/RGInvitational_API/test/api/routes/rotationsession.js",
            "file": "/test/api/routes/rotationsession.js",
            "beforeHooks": [],
            "afterHooks": [],
            "tests": [
              {
                "title": "should PUT one rotationSession",
                "fullTitle": "rotationsession PUT rotationSession should PUT one rotationSession",
                "timedOut": false,
                "duration": 43,
                "state": "passed",
                "speed": "medium",
                "pass": true,
                "fail": false,
                "pending": false,
                "code": "console.log(`checking if sessionId present: ${sessionId}`);\nrequest(app)\n    .put(`/api/rotationsession/${sessionId}`)\n    .send(rotationSession)\n    .set('Accept', 'application/json')\n    .set('Authorization', `${testAccessToken.token_type} ${testAccessToken.access_token}`)\n    //.expect('Content-Type', /json/)\n    .end((err, res) => {\n        if (err) return done(err);\n        console.log(`should PUT one rotationSession before assertions, response header: ${res.header}`);\n        console.log(`should PUT one rotationSession before assertions, response info: ${res.info}`);\n        console.log(`should PUT one rotationSession before assertions, response body: ${JSON.stringify(res.body)}`);\n        res.should.have.property('status').equal(200);\n        res.body.should.have.property('onFloorParticipantId');\n        res.body.should.have.property('scoreParticipantId');\n        res.body.onFloorParticipantId.should.equal(rotationSession.onFloorParticipantId);\n        res.body.scoreParticipantId.should.equal(rotationSession.scoreParticipantId);\n        done();\n    });",
                "err": {},
                "isRoot": false,
                "uuid": "d47a715f-8883-4ea2-b2c1-2bcb6c9d4c8d",
                "isHook": false,
                "skipped": false
              },
              {
                "title": "should fail finding PUT request without param id with 404",
                "fullTitle": "rotationsession PUT rotationSession should fail finding PUT request without param id with 404",
                "timedOut": false,
                "duration": 8,
                "state": "passed",
                "speed": "fast",
                "pass": true,
                "fail": false,
                "pending": false,
                "code": "request(app)\n    .put('/api/rotationsession')\n    .send(rotationSession)\n    .set('Accept', 'application/json')\n    .set('Authorization', `${testAccessToken.token_type} ${testAccessToken.access_token}`)\n    .end((err, res) => {\n        if (err) return done(err);\n        console.log(`should PUT one rotationSession before assertions, response header: ${res.header}`);\n        console.log(`should PUT one rotationSession before assertions, response info: ${res.info}`);\n        console.log(`should PUT one rotationSession before assertions, response body: ${JSON.stringify(res.body)}`);\n        res.should.have.property('status').equal(404);\n        done();\n    });",
                "err": {},
                "isRoot": false,
                "uuid": "3b60108e-9584-4218-9f73-687753526f39",
                "isHook": false,
                "skipped": false
              },
              {
                "title": "should fail PUT request validation with not invalid id parameter",
                "fullTitle": "rotationsession PUT rotationSession should fail PUT request validation with not invalid id parameter",
                "timedOut": false,
                "duration": 23,
                "state": "passed",
                "speed": "fast",
                "pass": true,
                "fail": false,
                "pending": false,
                "code": "request(app)\n    .put('/api/rotationsession/fake')\n    .send(rotationSession)\n    .set('Accept', 'application/json')\n    .set('Authorization', `${testAccessToken.token_type} ${testAccessToken.access_token}`)\n    .end((err, res) => {\n        if (err) return done(err);\n        console.log(`should PUT one rotationSession before assertions, response header: ${res.header}`);\n        console.log(`should PUT one rotationSession before assertions, response info: ${res.info}`);\n        console.log(`should PUT one rotationSession before assertions, response body: ${JSON.stringify(res.body)}`);\n        res.should.have.property('status').equal(422);\n        res.body.should.be.instanceof(Array).and.have.lengthOf(1);\n        done();\n    });",
                "err": {},
                "isRoot": false,
                "uuid": "4caa2b6b-b68a-486d-9d89-7bf84dbef928",
                "isHook": false,
                "skipped": false
              }
            ],
            "suites": [],
            "passes": [
              "d47a715f-8883-4ea2-b2c1-2bcb6c9d4c8d",
              "3b60108e-9584-4218-9f73-687753526f39",
              "4caa2b6b-b68a-486d-9d89-7bf84dbef928"
            ],
            "failures": [],
            "pending": [],
            "skipped": [],
            "duration": 74,
            "root": false,
            "rootEmpty": false,
            "_timeout": 10000
          },
          {
            "uuid": "757d3b75-e796-461e-98e2-be875ff7de86",
            "title": "DELETE rotationSession",
            "fullFile": "/Users/aborskiy/WIT_EntWebDev/RGInvitational_API/test/api/routes/rotationsession.js",
            "file": "/test/api/routes/rotationsession.js",
            "beforeHooks": [],
            "afterHooks": [],
            "tests": [
              {
                "title": "should DELETE one rotationSession",
                "fullTitle": "rotationsession DELETE rotationSession should DELETE one rotationSession",
                "timedOut": false,
                "duration": 12,
                "state": "passed",
                "speed": "fast",
                "pass": true,
                "fail": false,
                "pending": false,
                "code": "request(app)\n    .delete(`/api/rotationsession/${sessionId}`)\n    .set('Accept', 'application/json')\n    .set('Authorization', `${testAccessToken.token_type} ${testAccessToken.access_token}`)\n    //.expect('Content-Type', /json/)\n    .end((err, res) => {\n        if (err) return done(err);\n        console.log(`should DELETE one rotationSession before assertions, response header: ${res.header}`);\n        console.log(`should DELETE one rotationSession before assertions, response info: ${res.info}`);\n        console.log(`should DELETE one rotationSession before assertions, response body: ${JSON.stringify(res.body)}`);\n        res.should.have.property('status').equal(200);\n        res.body.should.have.property('onFloorParticipantId');\n        res.body.should.have.property('scoreParticipantId');\n        res.body.onFloorParticipantId.should.equal(rotationSession.onFloorParticipantId);\n        res.body.scoreParticipantId.should.equal(rotationSession.scoreParticipantId);\n        done();\n    });",
                "err": {},
                "isRoot": false,
                "uuid": "33df72a9-7791-4d30-a475-12f97a9d8667",
                "isHook": false,
                "skipped": false
              }
            ],
            "suites": [],
            "passes": [
              "33df72a9-7791-4d30-a475-12f97a9d8667"
            ],
            "failures": [],
            "pending": [],
            "skipped": [],
            "duration": 12,
            "root": false,
            "rootEmpty": false,
            "_timeout": 10000
          }
        ],
        "passes": [],
        "failures": [],
        "pending": [],
        "skipped": [],
        "duration": 0,
        "root": false,
        "rootEmpty": false,
        "_timeout": 10000
      }
    ],
    "passes": [],
    "failures": [],
    "pending": [],
    "skipped": [],
    "duration": 0,
    "root": true,
    "rootEmpty": true,
    "_timeout": 10000
  },
  "copyrightYear": 2019
}