{
  "stats": {
    "suites": 4,
    "tests": 9,
    "passes": 9,
    "pending": 0,
    "failures": 0,
    "start": "2019-04-28T18:53:08.366Z",
    "end": "2019-04-28T18:53:08.677Z",
    "duration": 311,
    "testsRegistered": 9,
    "passPercent": 100,
    "pendingPercent": 0,
    "other": 0,
    "hasOther": false,
    "skipped": 0,
    "hasSkipped": false,
    "passPercentClass": "success",
    "pendingPercentClass": "danger"
  },
  "suites": {
    "uuid": "f6971afc-7ad8-4eb7-bc05-5c135391856e",
    "title": "",
    "fullFile": "",
    "file": "",
    "beforeHooks": [],
    "afterHooks": [],
    "tests": [],
    "suites": [
      {
        "uuid": "f00fd803-6934-49ef-bb00-0a27c1772070",
        "title": "participantInfoModel Tests",
        "fullFile": "/Users/aborskiy/WIT_EntWebDev/RGInvitational_API/test/api/models/participantInfoModel.js",
        "file": "/test/api/models/participantInfoModel.js",
        "beforeHooks": [
          {
            "title": "\"before each\" hook",
            "fullTitle": "participantInfoModel Tests \"before each\" hook",
            "timedOut": false,
            "duration": 0,
            "pass": false,
            "fail": false,
            "pending": false,
            "code": "participantInfo = {\n    \"name\": {\n        \"first\": \"Carol\",\n        \"last\": \"MacDonald\"\n    },\n    \"team\": \"USA\"\n};",
            "err": {},
            "isRoot": false,
            "uuid": "604c7d87-c27e-4104-b296-5b7b9d0f628d",
            "isHook": true,
            "skipped": false
          }
        ],
        "afterHooks": [],
        "tests": [
          {
            "title": "should validate a participantInfo",
            "fullTitle": "participantInfoModel Tests should validate a participantInfo",
            "timedOut": false,
            "duration": 71,
            "state": "passed",
            "speed": "medium",
            "pass": true,
            "fail": false,
            "pending": false,
            "code": "const model = new participantInfoModel(participantInfo);\nmodel.validate((err) => {\n    should.not.exist(err);\n    console.log(`test participantInfoModel model ${model}`);\n    model.should.have.property('name');\n    model.should.have.property('team');\n    model.should.have.property('updated');\n    should(model.name.first).be.a.String();\n    model.name.first.should.equal(participantInfo.name.first);\n    model.name.last.should.equal(participantInfo.name.last);\n    model.team.should.equal(participantInfo.team);\n    model.updated.should.be.an.instanceof(Date);\n    done();\n});",
            "err": {},
            "isRoot": false,
            "uuid": "8d22e974-a270-4908-bfe1-a6fd76e7c491",
            "isHook": false,
            "skipped": false
          },
          {
            "title": "should validate required properties",
            "fullTitle": "participantInfoModel Tests should validate required properties",
            "timedOut": false,
            "duration": 6,
            "state": "passed",
            "speed": "fast",
            "pass": true,
            "fail": false,
            "pending": false,
            "code": "const badParticipantInfo = {\n            model: \"Not real\"\n        };\n        const model = new participantInfoModel(badParticipantInfo);\n        model.validate((err) => {\n            const errors = err.errors;\n            errors.should.have.property(\"name.first\");\n            errors.should.have.property(\"name.last\");\n            errors.should.have.property(\"team\");\n            done();\n        });",
            "err": {},
            "isRoot": false,
            "uuid": "83e6324e-c949-492c-ba5f-c0c7e33e1f6e",
            "isHook": false,
            "skipped": false
          }
        ],
        "suites": [],
        "passes": [
          "8d22e974-a270-4908-bfe1-a6fd76e7c491",
          "83e6324e-c949-492c-ba5f-c0c7e33e1f6e"
        ],
        "failures": [],
        "pending": [],
        "skipped": [],
        "duration": 77,
        "root": false,
        "rootEmpty": false,
        "_timeout": 2000
      },
      {
        "uuid": "f0c26728-2249-4a00-a210-a1a74653c478",
        "title": "participantScoreModel Tests",
        "fullFile": "/Users/aborskiy/WIT_EntWebDev/RGInvitational_API/test/api/models/participantScoreModel.js",
        "file": "/test/api/models/participantScoreModel.js",
        "beforeHooks": [
          {
            "title": "\"before each\" hook",
            "fullTitle": "participantScoreModel Tests \"before each\" hook",
            "timedOut": false,
            "duration": 0,
            "pass": false,
            "fail": false,
            "pending": false,
            "code": "participantScores = {\n    \"id\": 378,\n    \"name\": \"Carol MacDonald\",\n    \"team\": \"USA\",\n    \"scores\": [\n      {\n        \"id\": \"floor\",\n        \"diff\": 0,\n        \"exec\": 0,\n        \"deduct\": 0,\n        \"total\": 0\n      },\n      {\n        \"id\": \"rope\",\n        \"diff\": 0,\n        \"exec\": 0,\n        \"deduct\": 0,\n        \"total\": 0\n      },\n      {\n        \"id\": \"hoop\",\n        \"diff\": 0,\n        \"exec\": 0,\n        \"deduct\": 0,\n        \"total\": 0\n      },\n      {\n        \"id\": \"ribbon\",\n        \"diff\": 0,\n        \"exec\": 0,\n        \"deduct\": 0,\n        \"total\": 0\n      }\n    ],\n    \"total\": 0\n  };",
            "err": {},
            "isRoot": false,
            "uuid": "aaa58c87-c596-46bf-9803-c9f31002d670",
            "isHook": true,
            "skipped": false
          }
        ],
        "afterHooks": [],
        "tests": [
          {
            "title": "should validate a participantScore",
            "fullTitle": "participantScoreModel Tests should validate a participantScore",
            "timedOut": false,
            "duration": 43,
            "state": "passed",
            "speed": "medium",
            "pass": true,
            "fail": false,
            "pending": false,
            "code": "const model = new participantScoreModel(participantScores);\nmodel.validate((err) => {\n    should.not.exist(err);\n    console.log(`test participantScoreModel model ${model}`);\n    model.should.have.property('id');\n    model.should.have.property('name');\n    model.should.have.property('team');\n    model.should.have.property('scores');\n    model.should.have.property('updated');\n    model.should.have.property('total');\n    should(model.name).be.a.String();\n    model.name.should.equal(participantScores.name);\n    model.team.should.equal(participantScores.team);\n    model.scores.should.be.an.instanceof(Array);\n    model.scores.length.should.equal(4);  \n    model.scores[0].should.have.property('id');\n    should(model.scores[0].id).be.a.String();\n    model.scores[0].id.should.equal(participantScores.scores[0].id);\n    model.updated.should.be.an.instanceof(Date);\n    done();\n});",
            "err": {},
            "isRoot": false,
            "uuid": "1c9ba5a7-7590-4676-b0f3-f90244eafaca",
            "isHook": false,
            "skipped": false
          },
          {
            "title": "should validate required properties",
            "fullTitle": "participantScoreModel Tests should validate required properties",
            "timedOut": false,
            "duration": 3,
            "state": "passed",
            "speed": "fast",
            "pass": true,
            "fail": false,
            "pending": false,
            "code": "const badParticipantScores = {\n            model: \"Not real\"\n        };\n        const model = new participantScoreModel(badParticipantScores);\n        model.validate((err) => {\n            const errors = err.errors;\n            errors.should.have.property(\"id\");\n            errors.should.have.property(\"name\");\n            errors.should.have.property(\"team\");\n            errors.should.have.property(\"total\");\n            done();\n        });",
            "err": {},
            "isRoot": false,
            "uuid": "f9fe7310-9df2-498a-8a50-5bc121eada5f",
            "isHook": false,
            "skipped": false
          }
        ],
        "suites": [],
        "passes": [
          "1c9ba5a7-7590-4676-b0f3-f90244eafaca",
          "f9fe7310-9df2-498a-8a50-5bc121eada5f"
        ],
        "failures": [],
        "pending": [],
        "skipped": [],
        "duration": 46,
        "root": false,
        "rootEmpty": false,
        "_timeout": 2000
      },
      {
        "uuid": "c6140a59-d2c7-43b2-88a3-187101f2d21d",
        "title": "rotationEntryModel Tests",
        "fullFile": "/Users/aborskiy/WIT_EntWebDev/RGInvitational_API/test/api/models/rotationEntryModel.js",
        "file": "/test/api/models/rotationEntryModel.js",
        "beforeHooks": [
          {
            "title": "\"before each\" hook",
            "fullTitle": "rotationEntryModel Tests \"before each\" hook",
            "timedOut": false,
            "duration": 0,
            "pass": false,
            "fail": false,
            "pending": false,
            "code": "rotationEntry = {\n  \"rotaId\": 1,\n  \"participantId\": 908,\n  \"name\": \"Julia B\",\n  \"team\": \"RUS\",\n  \"apparatus\": {\n    \"id\": \"floor\",\n    \"imageurl\": \"images/floor-min-2.png\"\n  },\n  \"score\": {\n    \"id\": \"floor\",\n    \"diff\": 9.3,\n    \"exec\": 9,\n    \"deduct\": 0.1,\n    \"total\": 18.2\n  }\n};\nrotationEntryInvalidApparatusId = {\n    \"rotaId\": 2,\n    \"participantId\": 908,\n    \"name\": \"Julia B\",\n    \"team\": \"RUS\",\n    \"apparatus\": {\n      \"id\": \"dummy\",\n      \"imageurl\": \"images/floor-min-2.png\"\n    },\n    \"score\": {\n      \"id\": \"floor\",\n      \"diff\": 9.3,\n      \"exec\": 9,\n      \"deduct\": 0.1,\n      \"total\": 18.2\n    }\n  };",
            "err": {},
            "isRoot": false,
            "uuid": "5c545cf5-6f06-41f0-8dbc-5db71bc69371",
            "isHook": true,
            "skipped": false
          }
        ],
        "afterHooks": [],
        "tests": [
          {
            "title": "should validate a rotationEntry",
            "fullTitle": "rotationEntryModel Tests should validate a rotationEntry",
            "timedOut": false,
            "duration": 10,
            "state": "passed",
            "speed": "fast",
            "pass": true,
            "fail": false,
            "pending": false,
            "code": "const model = new rotationEntryModel(rotationEntry);\nconsole.log(`rotationEntryModel instance: ${model}`);\nmodel.validate((err) => {\n    should.not.exist(err);\n    console.log(`test rotationEntryModel model ${model}`);\n    model.should.have.property('rotaId');\n    model.should.have.property('participantId');\n    model.should.have.property('name');\n    model.should.have.property('team');\n    model.should.have.property('apparatus');\n    model.should.have.property('score');\n    model.should.have.property('updated');\n    should(model.rotaId).be.a.Number();\n    should(model.participantId).be.a.Number();\n    should(model.name).be.a.String();\n    model.rotaId.should.equal(rotationEntry.rotaId);\n    model.team.should.equal(rotationEntry.team);\n    model.score.should.have.property('id');\n    should(model.score.id).be.a.String();\n    model.score.id.should.equal(rotationEntry.score.id);\n    model.updated.should.be.an.instanceof(Date);\n    done();\n});",
            "err": {},
            "isRoot": false,
            "uuid": "8b35869a-ba84-4a61-bdd1-07d6659e0e3f",
            "isHook": false,
            "skipped": false
          },
          {
            "title": "should validate required properties",
            "fullTitle": "rotationEntryModel Tests should validate required properties",
            "timedOut": false,
            "duration": 8,
            "state": "passed",
            "speed": "fast",
            "pass": true,
            "fail": false,
            "pending": false,
            "code": "const badRotationEntry = {\n    model: \"Not real\"\n};\nconst model = new rotationEntryModel(badRotationEntry);\nmodel.validate((err) => {\n    const errors = err.errors;\n    errors.should.have.property(\"participantId\");\n    errors.should.have.property(\"name\");\n    errors.should.have.property(\"team\");\n    done();\n});",
            "err": {},
            "isRoot": false,
            "uuid": "e871d962-16e9-48f9-87dd-83f4fbbeb657",
            "isHook": false,
            "skipped": false
          },
          {
            "title": "should fail when invalid apparatus id",
            "fullTitle": "rotationEntryModel Tests should fail when invalid apparatus id",
            "timedOut": false,
            "duration": 4,
            "state": "passed",
            "speed": "fast",
            "pass": true,
            "fail": false,
            "pending": false,
            "code": "const model = new rotationEntryModel(rotationEntryInvalidApparatusId);\nmodel.validate((err) => {\n    const errors = err.errors;\n    console.log(`errors: ${errors.MongooseError}`);\n    errors.should.have.property(\"apparatus.id\");\n    errors[\"apparatus.id\"].should.have.property(\"name\");\n    errors[\"apparatus.id\"].name.should.equal('ValidatorError');\n    errors[\"apparatus.id\"].message.should.equal('`dummy` is not a valid enum value for path `id`.');\n    done();\n});",
            "err": {},
            "isRoot": false,
            "uuid": "b9a17129-b860-4ca8-b29c-e306436e2d00",
            "isHook": false,
            "skipped": false
          }
        ],
        "suites": [],
        "passes": [
          "8b35869a-ba84-4a61-bdd1-07d6659e0e3f",
          "e871d962-16e9-48f9-87dd-83f4fbbeb657",
          "b9a17129-b860-4ca8-b29c-e306436e2d00"
        ],
        "failures": [],
        "pending": [],
        "skipped": [],
        "duration": 22,
        "root": false,
        "rootEmpty": false,
        "_timeout": 2000
      },
      {
        "uuid": "9e42ad23-3b4e-4df7-aa74-f9faa556ef60",
        "title": "rotationSessionModel Tests",
        "fullFile": "/Users/aborskiy/WIT_EntWebDev/RGInvitational_API/test/api/models/rotationSessionModel.js",
        "file": "/test/api/models/rotationSessionModel.js",
        "beforeHooks": [
          {
            "title": "\"before each\" hook",
            "fullTitle": "rotationSessionModel Tests \"before each\" hook",
            "timedOut": false,
            "duration": 0,
            "pass": false,
            "fail": false,
            "pending": false,
            "code": "rotationSession = {\n  \"onFloorParticipantId\": 3,\n  \"scoreParticipantId\": 1\n};\nrotationSessionMissingParms = {\n};",
            "err": {},
            "isRoot": false,
            "uuid": "f78a5d7e-c033-419e-ac4d-f910caee85e7",
            "isHook": true,
            "skipped": false
          }
        ],
        "afterHooks": [],
        "tests": [
          {
            "title": "should validate a rotationSession",
            "fullTitle": "rotationSessionModel Tests should validate a rotationSession",
            "timedOut": false,
            "duration": 2,
            "state": "passed",
            "speed": "fast",
            "pass": true,
            "fail": false,
            "pending": false,
            "code": "const model = new rotationSessionModel(rotationSession);\nconsole.log(`rotationSessionModel instance: ${model}`);\nmodel.validate((err) => {\n    should.not.exist(err);\n    console.log(`test rotationSessionModel model ${model}`);\n    model.should.have.property('onFloorParticipantId');\n    model.should.have.property('scoreParticipantId');\n    should(model.onFloorParticipantId).be.a.Number();\n    should(model.scoreParticipantId).be.a.Number();\n    model.onFloorParticipantId.should.equal(rotationSession.onFloorParticipantId);\n    model.scoreParticipantId.should.equal(rotationSession.scoreParticipantId);\n    model.updated.should.be.an.instanceof(Date);\n    done();\n});",
            "err": {},
            "isRoot": false,
            "uuid": "c2f9c7ab-21d9-417d-b567-64167b99eb20",
            "isHook": false,
            "skipped": false
          },
          {
            "title": "should validate required properties",
            "fullTitle": "rotationSessionModel Tests should validate required properties",
            "timedOut": false,
            "duration": 1,
            "state": "passed",
            "speed": "fast",
            "pass": true,
            "fail": false,
            "pending": false,
            "code": "const model = new rotationSessionModel(rotationSessionMissingParms);\nmodel.validate((err) => {\n    const errors = err.errors;\n    errors.should.have.property(\"onFloorParticipantId\");\n    errors.should.have.property(\"scoreParticipantId\");\n    done();\n});",
            "err": {},
            "isRoot": false,
            "uuid": "85e070e7-cc34-4697-8765-78b86f35a4f1",
            "isHook": false,
            "skipped": false
          }
        ],
        "suites": [],
        "passes": [
          "c2f9c7ab-21d9-417d-b567-64167b99eb20",
          "85e070e7-cc34-4697-8765-78b86f35a4f1"
        ],
        "failures": [],
        "pending": [],
        "skipped": [],
        "duration": 3,
        "root": false,
        "rootEmpty": false,
        "_timeout": 2000
      }
    ],
    "passes": [],
    "failures": [],
    "pending": [],
    "skipped": [],
    "duration": 0,
    "root": true,
    "rootEmpty": true,
    "_timeout": 2000
  },
  "copyrightYear": 2019
}